#
# There is insufficient memory for the Java Runtime Environment to continue.
# Cannot create GC thread. Out of system resources.
# Possible reasons:
#   The system is out of physical RAM or swap space
#   In 32 bit mode, the process size limit was hit
# Possible solutions:
#   Reduce memory load on the system
#   Increase physical memory or swap space
#   Check if swap backing store is full
#   Use 64 bit Java on a 64 bit OS
#   Decrease Java heap size (-Xmx/-Xms)
#   Decrease number of Java threads
#   Decrease Java thread stack sizes (-Xss)
#   Set larger code cache with -XX:ReservedCodeCacheSize=
# This output file may be truncated or incomplete.
#
#  Out of Memory Error (gcTaskThread.cpp:46), pid=62602, tid=139906340517632
#
# JRE version: 6.0_34-b04
# Java VM: Java HotSpot(TM) 64-Bit Server VM (20.9-b04 mixed mode linux-amd64 compressed oops)

---------------  T H R E A D  ---------------

Current thread (0x00000000410a1000):  JavaThread "Unknown thread" [_thread_in_vm, id=62768, stack(0x00007f3e7baa7000,0x00007f3e7bba8000)]

Stack: [0x00007f3e7baa7000,0x00007f3e7bba8000],  sp=0x00007f3e7bba67f0,  free space=1021k
Native frames: (J=compiled Java code, j=interpreted, Vv=VM code, C=native code)
V  [libjvm.so+0x860395]  VMError::report_and_die()+0x265
V  [libjvm.so+0x3e5278]  report_vm_out_of_memory(char const*, int, unsigned long, char const*)+0x68
V  [libjvm.so+0x467a8a]  GCTaskThread::GCTaskThread(GCTaskManager*, unsigned, unsigned)+0x13a
V  [libjvm.so+0x46658e]  GCTaskManager::initialize()+0x21e
V  [libjvm.so+0x466323]  GCTaskManager::GCTaskManager(unsigned)+0x13
V  [libjvm.so+0x7245cd]  ParallelScavengeHeap::initialize()+0x4dd
V  [libjvm.so+0x837e29]  Universe::initialize_heap()+0xa9
V  [libjvm.so+0x8379ca]  universe_init()+0x7a
V  [libjvm.so+0x4ad51b]  init_globals()+0x4b
V  [libjvm.so+0x81e5c4]  Threads::create_vm(JavaVMInitArgs*, bool*)+0x214
V  [libjvm.so+0x51b790]  JNI_CreateJavaVM+0x80


---------------  P R O C E S S  ---------------

Java Threads: ( => current thread )

Other Threads:

=>0x00000000410a1000 (exited) JavaThread "Unknown thread" [_thread_in_vm, id=62768, stack(0x00007f3e7baa7000,0x00007f3e7bba8000)]

VM state:not at safepoint (not fully initialized)

VM Mutex/Monitor currently owned by a thread: None

Dynamic libraries:
40000000-40009000 r-xp 00000000 09:00 3007674                            /usr/lib/jvm/java-6-sun-1.6.0.34/jre/bin/java
40108000-4010a000 rwxp 00008000 09:00 3007674                            /usr/lib/jvm/java-6-sun-1.6.0.34/jre/bin/java
41098000-41127000 rwxp 00000000 00:00 0                                  [heap]
80000000-814c0000 rwxp 00000000 00:00 0 
814c0000-85200000 rwxp 00000000 00:00 0 
85200000-da760000 rwxp 00000000 00:00 0 
da760000-581b60000 rwxp 00000000 00:00 0 
581b60000-5ac600000 rwxp 00000000 00:00 0 
5ac600000-800000000 rwxp 00000000 00:00 0 
7f3e6b9fa000-7f3e6b9fb000 ---p 00000000 00:00 0 
7f3e6b9fb000-7f3e6bafb000 rwxp 00000000 00:00 0 
7f3e6bafb000-7f3e6bafc000 ---p 00000000 00:00 0 
7f3e6bafc000-7f3e6bbfc000 rwxp 00000000 00:00 0 
7f3e6bbfc000-7f3e6bbfd000 ---p 00000000 00:00 0 
7f3e6bbfd000-7f3e6bcfd000 rwxp 00000000 00:00 0 
7f3e6bcfd000-7f3e6bcfe000 ---p 00000000 00:00 0 
7f3e6bcfe000-7f3e6bdfe000 rwxp 00000000 00:00 0 
7f3e6bdfe000-7f3e6bdff000 ---p 00000000 00:00 0 
7f3e6bdff000-7f3e6beff000 rwxp 00000000 00:00 0 
7f3e6beff000-7f3e6bf00000 ---p 00000000 00:00 0 
7f3e6bf00000-7f3e6c000000 rwxp 00000000 00:00 0 
7f3e6c000000-7f3e6c021000 rwxp 00000000 00:00 0 
7f3e6c021000-7f3e70000000 ---p 00000000 00:00 0 
7f3e700d9000-7f3e700da000 ---p 00000000 00:00 0 
7f3e700da000-7f3e701da000 rwxp 00000000 00:00 0 
7f3e701da000-7f3e701db000 ---p 00000000 00:00 0 
7f3e701db000-7f3e702db000 rwxp 00000000 00:00 0 
7f3e702db000-7f3e702dc000 ---p 00000000 00:00 0 
7f3e702dc000-7f3e703dc000 rwxp 00000000 00:00 0 
7f3e703dc000-7f3e703dd000 ---p 00000000 00:00 0 
7f3e703dd000-7f3e704dd000 rwxp 00000000 00:00 0 
7f3e704dd000-7f3e704de000 ---p 00000000 00:00 0 
7f3e704de000-7f3e705de000 rwxp 00000000 00:00 0 
7f3e705de000-7f3e705df000 ---p 00000000 00:00 0 
7f3e705df000-7f3e706df000 rwxp 00000000 00:00 0 
7f3e706df000-7f3e706e0000 ---p 00000000 00:00 0 
7f3e706e0000-7f3e707e0000 rwxp 00000000 00:00 0 
7f3e707e0000-7f3e707e1000 ---p 00000000 00:00 0 
7f3e707e1000-7f3e708e1000 rwxp 00000000 00:00 0 
7f3e708e1000-7f3e708e2000 ---p 00000000 00:00 0 
7f3e708e2000-7f3e709e2000 rwxp 00000000 00:00 0 
7f3e709e2000-7f3e709e3000 ---p 00000000 00:00 0 
7f3e709e3000-7f3e70ae3000 rwxp 00000000 00:00 0 
7f3e70ae3000-7f3e70ae4000 ---p 00000000 00:00 0 
7f3e70ae4000-7f3e70be4000 rwxp 00000000 00:00 0 
7f3e70be4000-7f3e70be5000 ---p 00000000 00:00 0 
7f3e70be5000-7f3e70ce5000 rwxp 00000000 00:00 0 
7f3e70ce5000-7f3e70ce6000 ---p 00000000 00:00 0 
7f3e70ce6000-7f3e70de6000 rwxp 00000000 00:00 0 
7f3e70de6000-7f3e70de7000 ---p 00000000 00:00 0 
7f3e70de7000-7f3e70ee7000 rwxp 00000000 00:00 0 
7f3e70ee7000-7f3e70ee8000 ---p 00000000 00:00 0 
7f3e70ee8000-7f3e70fe8000 rwxp 00000000 00:00 0 
7f3e70fe8000-7f3e70fe9000 ---p 00000000 00:00 0 
7f3e70fe9000-7f3e710e9000 rwxp 00000000 00:00 0 
7f3e710e9000-7f3e710ea000 ---p 00000000 00:00 0 
7f3e710ea000-7f3e711ea000 rwxp 00000000 00:00 0 
7f3e711ea000-7f3e711eb000 ---p 00000000 00:00 0 
7f3e711eb000-7f3e712eb000 rwxp 00000000 00:00 0 
7f3e712eb000-7f3e712ec000 ---p 00000000 00:00 0 
7f3e712ec000-7f3e713ec000 rwxp 00000000 00:00 0 
7f3e713ec000-7f3e713ed000 ---p 00000000 00:00 0 
7f3e713ed000-7f3e714ed000 rwxp 00000000 00:00 0 
7f3e714ed000-7f3e714ee000 ---p 00000000 00:00 0 
7f3e714ee000-7f3e715ee000 rwxp 00000000 00:00 0 
7f3e715ee000-7f3e715ef000 ---p 00000000 00:00 0 
7f3e715ef000-7f3e716ef000 rwxp 00000000 00:00 0 
7f3e716ef000-7f3e716f0000 ---p 00000000 00:00 0 
7f3e716f0000-7f3e717f0000 rwxp 00000000 00:00 0 
7f3e717f0000-7f3e717f1000 ---p 00000000 00:00 0 
7f3e717f1000-7f3e718fc000 rwxp 00000000 00:00 0 
7f3e718fc000-7f3e7191a000 rwxp 00000000 00:00 0 
7f3e7191a000-7f3e71bc5000 rwxp 00000000 00:00 0 
7f3e71bc5000-7f3e740ff000 rwxp 00000000 00:00 0 
7f3e740ff000-7f3e7410a000 rwxp 00000000 00:00 0 
7f3e7410a000-7f3e74128000 rwxp 00000000 00:00 0 
7f3e74128000-7f3e743d3000 rwxp 00000000 00:00 0 
7f3e743d3000-7f3e7690c000 rwxp 00000000 00:00 0 
7f3e7690c000-7f3e76a62000 rwxp 00000000 00:00 0 
7f3e76a62000-7f3e77cff000 rwxp 00000000 00:00 0 
7f3e77cff000-7f3e77f70000 rwxp 00000000 00:00 0 
7f3e77f70000-7f3e7ad00000 rwxp 00000000 00:00 0 
7f3e7ad00000-7f3e7ad0e000 r-xp 00000000 09:00 3007792                    /usr/lib/jvm/java-6-sun-1.6.0.34/jre/lib/amd64/libzip.so
7f3e7ad0e000-7f3e7ae10000 ---p 0000e000 09:00 3007792                    /usr/lib/jvm/java-6-sun-1.6.0.34/jre/lib/amd64/libzip.so
7f3e7ae10000-7f3e7ae13000 rwxp 00010000 09:00 3007792                    /usr/lib/jvm/java-6-sun-1.6.0.34/jre/lib/amd64/libzip.so
7f3e7ae13000-7f3e7ae14000 rwxp 00000000 00:00 0 
7f3e7ae18000-7f3e7ae24000 r-xp 00000000 09:00 2909385                    /lib/libnss_files-2.11.3.so
7f3e7ae24000-7f3e7b023000 ---p 0000c000 09:00 2909385                    /lib/libnss_files-2.11.3.so
7f3e7b023000-7f3e7b024000 r-xp 0000b000 09:00 2909385                    /lib/libnss_files-2.11.3.so
7f3e7b024000-7f3e7b025000 rwxp 0000c000 09:00 2909385                    /lib/libnss_files-2.11.3.so
7f3e7b028000-7f3e7b032000 r-xp 00000000 09:00 2910232                    /lib/libnss_nis-2.11.3.so
7f3e7b032000-7f3e7b231000 ---p 0000a000 09:00 2910232                    /lib/libnss_nis-2.11.3.so
7f3e7b231000-7f3e7b232000 r-xp 00009000 09:00 2910232                    /lib/libnss_nis-2.11.3.so
7f3e7b232000-7f3e7b233000 rwxp 0000a000 09:00 2910232                    /lib/libnss_nis-2.11.3.so
7f3e7b238000-7f3e7b23f000 r-xp 00000000 09:00 2910217                    /lib/libnss_compat-2.11.3.so
7f3e7b23f000-7f3e7b43e000 ---p 00007000 09:00 2910217                    /lib/libnss_compat-2.11.3.so
7f3e7b43e000-7f3e7b43f000 r-xp 00006000 09:00 2910217                    /lib/libnss_compat-2.11.3.so
7f3e7b43f000-7f3e7b440000 rwxp 00007000 09:00 2910217                    /lib/libnss_compat-2.11.3.so
7f3e7b440000-7f3e7b455000 r-xp 00000000 09:00 2910222                    /lib/libnsl-2.11.3.so
7f3e7b455000-7f3e7b654000 ---p 00015000 09:00 2910222                    /lib/libnsl-2.11.3.so
7f3e7b654000-7f3e7b655000 r-xp 00014000 09:00 2910222                    /lib/libnsl-2.11.3.so
7f3e7b655000-7f3e7b656000 rwxp 00015000 09:00 2910222                    /lib/libnsl-2.11.3.so
7f3e7b656000-7f3e7b658000 rwxp 00000000 00:00 0 
7f3e7b658000-7f3e7b681000 r-xp 00000000 09:00 3007783                    /usr/lib/jvm/java-6-sun-1.6.0.34/jre/lib/amd64/libjava.so
7f3e7b681000-7f3e7b780000 ---p 00029000 09:00 3007783                    /usr/lib/jvm/java-6-sun-1.6.0.34/jre/lib/amd64/libjava.so
7f3e7b780000-7f3e7b787000 rwxp 00028000 09:00 3007783                    /usr/lib/jvm/java-6-sun-1.6.0.34/jre/lib/amd64/libjava.so
7f3e7b788000-7f3e7b795000 r-xp 00000000 09:00 3007751                    /usr/lib/jvm/java-6-sun-1.6.0.34/jre/lib/amd64/libverify.so
7f3e7b795000-7f3e7b894000 ---p 0000d000 09:00 3007751                    /usr/lib/jvm/java-6-sun-1.6.0.34/jre/lib/amd64/libverify.so
7f3e7b894000-7f3e7b897000 rwxp 0000c000 09:00 3007751                    /usr/lib/jvm/java-6-sun-1.6.0.34/jre/lib/amd64/libverify.so
7f3e7b898000-7f3e7b89f000 r-xp 00000000 09:00 2910215                    /lib/librt-2.11.3.so
7f3e7b89f000-7f3e7ba9e000 ---p 00007000 09:00 2910215                    /lib/librt-2.11.3.so
7f3e7ba9e000-7f3e7ba9f000 r-xp 00006000 09:00 2910215                    /lib/librt-2.11.3.so
7f3e7ba9f000-7f3e7baa0000 rwxp 00007000 09:00 2910215                    /lib/librt-2.11.3.so
7f3e7baa7000-7f3e7baaa000 ---p 00000000 00:00 0 
7f3e7baaa000-7f3e7bba8000 rwxp 00000000 00:00 0 
7f3e7bba8000-7f3e7bc28000 r-xp 00000000 09:00 2910231                    /lib/libm-2.11.3.so
7f3e7bc28000-7f3e7be28000 ---p 00080000 09:00 2910231                    /lib/libm-2.11.3.so
7f3e7be28000-7f3e7be29000 r-xp 00080000 09:00 2910231                    /lib/libm-2.11.3.so
7f3e7be29000-7f3e7be2a000 rwxp 00081000 09:00 2910231                    /lib/libm-2.11.3.so
7f3e7be30000-7f3e7c74c000 r-xp 00000000 09:00 3007761                    /usr/lib/jvm/java-6-sun-1.6.0.34/jre/lib/amd64/server/libjvm.so
7f3e7c74c000-7f3e7c84c000 ---p 0091c000 09:00 3007761                    /usr/lib/jvm/java-6-sun-1.6.0.34/jre/lib/amd64/server/libjvm.so
7f3e7c84c000-7f3e7ca02000 rwxp 0091c000 09:00 3007761                    /usr/lib/jvm/java-6-sun-1.6.0.34/jre/lib/amd64/server/libjvm.so
7f3e7ca02000-7f3e7ca3b000 rwxp 00000000 00:00 0 
7f3e7ca40000-7f3e7cb99000 r-xp 00000000 09:00 2910218                    /lib/libc-2.11.3.so
7f3e7cb99000-7f3e7cd98000 ---p 00159000 09:00 2910218                    /lib/libc-2.11.3.so
7f3e7cd98000-7f3e7cd9c000 r-xp 00158000 09:00 2910218                    /lib/libc-2.11.3.so
7f3e7cd9c000-7f3e7cd9d000 rwxp 0015c000 09:00 2910218                    /lib/libc-2.11.3.so
7f3e7cd9d000-7f3e7cda2000 rwxp 00000000 00:00 0 
7f3e7cda8000-7f3e7cdaa000 r-xp 00000000 09:00 2910230                    /lib/libdl-2.11.3.so
7f3e7cdaa000-7f3e7cfaa000 ---p 00002000 09:00 2910230                    /lib/libdl-2.11.3.so
7f3e7cfaa000-7f3e7cfab000 r-xp 00002000 09:00 2910230                    /lib/libdl-2.11.3.so
7f3e7cfab000-7f3e7cfac000 rwxp 00003000 09:00 2910230                    /lib/libdl-2.11.3.so
7f3e7cfb0000-7f3e7cfc7000 r-xp 00000000 09:00 2910213                    /lib/libpthread-2.11.3.so
7f3e7cfc7000-7f3e7d1c6000 ---p 00017000 09:00 2910213                    /lib/libpthread-2.11.3.so
7f3e7d1c6000-7f3e7d1c7000 r-xp 00016000 09:00 2910213                    /lib/libpthread-2.11.3.so
7f3e7d1c7000-7f3e7d1c8000 rwxp 00017000 09:00 2910213                    /lib/libpthread-2.11.3.so
7f3e7d1c8000-7f3e7d1cc000 rwxp 00000000 00:00 0 
7f3e7d1d0000-7f3e7d1ee000 r-xp 00000000 09:00 2910214                    /lib/ld-2.11.3.so
7f3e7d208000-7f3e7d212000 rwxp 00000000 00:00 0 
7f3e7d212000-7f3e7d2c8000 rwxp 00000000 00:00 0 
7f3e7d2c8000-7f3e7d2cf000 r-xp 00000000 09:00 3007774                    /usr/lib/jvm/java-6-sun-1.6.0.34/jre/lib/amd64/jli/libjli.so
7f3e7d2cf000-7f3e7d3d0000 ---p 00007000 09:00 3007774                    /usr/lib/jvm/java-6-sun-1.6.0.34/jre/lib/amd64/jli/libjli.so
7f3e7d3d0000-7f3e7d3d2000 rwxp 00008000 09:00 3007774                    /usr/lib/jvm/java-6-sun-1.6.0.34/jre/lib/amd64/jli/libjli.so
7f3e7d3e0000-7f3e7d3e8000 rwxs 00000000 09:00 49320                      /tmp/hsperfdata_wiwie/62602
7f3e7d3ec000-7f3e7d3ed000 rwxp 00000000 00:00 0 
7f3e7d3ed000-7f3e7d3ee000 r-xp 0001d000 09:00 2910214                    /lib/ld-2.11.3.so
7f3e7d3ee000-7f3e7d3ef000 rwxp 0001e000 09:00 2910214                    /lib/ld-2.11.3.so
7f3e7d3ef000-7f3e7d3f0000 rwxp 00000000 00:00 0 
7f3e7d3f0000-7f3e7d3f1000 r-xp 00000000 00:00 0 
7f3e7d3f1000-7f3e7d3f7000 rwxp 00000000 00:00 0 
7fff74eb4000-7fff74ed5000 rwxp 00000000 00:00 0                          [stack]
7fff74fb8000-7fff74fb9000 r-xp 00000000 00:00 0                          [vdso]
ffffffffff600000-ffffffffff601000 r-xp 00000000 00:00 0                  [vsyscall]

VM Arguments:
java_command: /local/wiwie/ClustEval/repository/programs/TransClust/TransClust.jar -i /local/wiwie/ClustEval/repository/results/01_27_2013-19_46_33_all_vs_nora_abs_GBM_divisive_opt_silQual/inputs/nora_absolute/GBM-expression.txt_TransClust_2.RowSim -sim /local/wiwie/ClustEval/repository/results/01_27_2013-19_46_33_all_vs_nora_abs_GBM_divisive_opt_silQual/inputs/nora_absolute/GBM-expression.txt_TransClust_2.RowSim -o /local/wiwie/ClustEval/repository/results/01_27_2013-19_46_33_all_vs_nora_abs_GBM_divisive_opt_silQual/clusters/TransClust_2_nora_cancer_abs_gbm.688.results -minT 396.2106912593877 -maxT 396.2106912593877 -tss 0.01 -mode 2 -verbose
Launcher Type: SUN_STANDARD

Environment Variables:
LD_LIBRARY_PATH=/usr/lib/jvm/java-6-sun-1.6.0.34/jre/lib/amd64/server:/usr/lib/jvm/java-6-sun-1.6.0.34/jre/lib/amd64:/usr/lib/jvm/java-6-sun-1.6.0.34/jre/../lib/amd64

Signal Handlers:
SIGSEGV: [libjvm.so+0x860fc0], sa_mask[0]=0x7ffbfeff, sa_flags=0x10000004
SIGBUS: [libjvm.so+0x860fc0], sa_mask[0]=0x7ffbfeff, sa_flags=0x10000004
SIGFPE: [libjvm.so+0x70f520], sa_mask[0]=0x7ffbfeff, sa_flags=0x10000004
SIGPIPE: [libjvm.so+0x70f520], sa_mask[0]=0x7ffbfeff, sa_flags=0x10000004
SIGXFSZ: [libjvm.so+0x70f520], sa_mask[0]=0x7ffbfeff, sa_flags=0x10000004
SIGILL: [libjvm.so+0x70f520], sa_mask[0]=0x7ffbfeff, sa_flags=0x10000004
SIGUSR1: SIG_DFL, sa_mask[0]=0x00000000, sa_flags=0x00000000
SIGUSR2: [libjvm.so+0x712350], sa_mask[0]=0x00000004, sa_flags=0x10000004
SIGHUP: SIG_DFL, sa_mask[0]=0x00000000, sa_flags=0x00000000
SIGINT: SIG_DFL, sa_mask[0]=0x00000000, sa_flags=0x00000000
SIGTERM: SIG_DFL, sa_mask[0]=0x00000000, sa_flags=0x00000000
SIGQUIT: SIG_DFL, sa_mask[0]=0x00000000, sa_flags=0x00000000


---------------  S Y S T E M  ---------------

OS:6.0.6

uname:Linux 3.2.24.1.amd64-smp #1 SMP Mon Jul 30 13:30:26 CEST 2012 x86_64
libc:glibc 2.11.3 NPTL 2.11.3 
rlimit: STACK 8192k, CORE 0k, NPROC infinity, NOFILE 32768, AS infinity
load average:23034.35 6674.98 2335.13

/proc/meminfo:
MemTotal:       264653632 kB
MemFree:        65495756 kB
Buffers:          281208 kB
Cached:         70535668 kB
SwapCached:         7760 kB
Active:         152725296 kB
Inactive:       36117060 kB
Active(anon):   117972380 kB
Inactive(anon):    55376 kB
Active(file):   34752916 kB
Inactive(file): 36061684 kB
Unevictable:           8 kB
Mlocked:               8 kB
SwapTotal:      52428732 kB
SwapFree:       52398860 kB
Dirty:              1676 kB
Writeback:             0 kB
AnonPages:      113547516 kB
Mapped:            73656 kB
Shmem:              2276 kB
Slab:            7940956 kB
SReclaimable:    6434440 kB
SUnreclaim:      1506516 kB
KernelStack:      519344 kB
PageTables:       243976 kB
NFS_Unstable:          0 kB
Bounce:                0 kB
WritebackTmp:          0 kB
CommitLimit:    184755548 kB
Committed_AS:   151633700 kB
VmallocTotal:   34359738367 kB
VmallocUsed:      425356 kB
VmallocChunk:   34359307563 kB
AnonHugePages:  109940736 kB
HugePages_Total:       0
HugePages_Free:        0
HugePages_Rsvd:        0
HugePages_Surp:        0
Hugepagesize:       2048 kB
DirectMap4k:        4580 kB
DirectMap2M:     3115008 kB
DirectMap1G:    265289728 kB


CPU:total 64 (16 cores per cpu, 1 threads per core) family 21 model 1 stepping 2, cmov, cx8, fxsr, mmx, sse, sse2, sse3, ssse3, sse4.1, sse4.2, popcnt, mmxext, 3dnowpref, lzcnt, sse4a

/proc/cpuinfo:
processor	: 0
vendor_id	: AuthenticAMD
cpu family	: 21
model		: 1
model name	: AMD Opteron(TM) Processor 6276                 
stepping	: 2
microcode	: 0x6000626
cpu MHz		: 2300.000
cache size	: 2048 KB
physical id	: 0
siblings	: 16
core id		: 0
cpu cores	: 8
apicid		: 0
initial apicid	: 0
fpu		: yes
fpu_exception	: yes
cpuid level	: 13
wp		: yes
flags		: fpu vme de pse tsc msr pae mce cx8 apic sep mtrr pge mca cmov pat pse36 clflush mmx fxsr sse sse2 ht syscall nx mmxext fxsr_opt pdpe1gb rdtscp lm constant_tsc rep_good nopl nonstop_tsc extd_apicid amd_dcm aperfmperf pni pclmulqdq monitor ssse3 cx16 sse4_1 sse4_2 popcnt aes xsave avx lahf_lm cmp_legacy svm extapic cr8_legacy abm sse4a misalignsse 3dnowprefetch osvw ibs xop skinit wdt lwp fma4 nodeid_msr topoext perfctr_core arat cpb npt lbrv svm_lock nrip_save tsc_scale vmcb_clean flushbyasid decodeassists pausefilter pfthreshold
bogomips	: 4602.12
TLB size	: 1536 4K pages
clflush size	: 64
cache_alignment	: 64
address sizes	: 48 bits physical, 48 bits virtual
power management: ts ttp tm 100mhzsteps hwpstate [9]

processor	: 1
vendor_id	: AuthenticAMD
cpu family	: 21
model		: 1
model name	: AMD Opteron(TM) Processor 6276                 
stepping	: 2
microcode	: 0x6000626
cpu MHz		: 1400.000
cache size	: 2048 KB
physical id	: 0
siblings	: 16
core id		: 1
cpu cores	: 8
apicid		: 1
initial apicid	: 1
fpu		: yes
fpu_exception	: yes
cpuid level	: 13
wp		: yes
flags		: fpu vme de pse tsc msr pae mce cx8 apic sep mtrr pge mca cmov pat pse36 clflush mmx fxsr sse sse2 ht syscall nx mmxext fxsr_opt pdpe1gb rdtscp lm constant_tsc rep_good nopl nonstop_tsc extd_apicid amd_dcm aperfmperf pni pclmulqdq monitor ssse3 cx16 sse4_1 sse4_2 popcnt aes xsave avx lahf_lm cmp_legacy svm extapic cr8_legacy abm sse4a misalignsse 3dnowprefetch osvw ibs xop skinit wdt lwp fma4 nodeid_msr topoext perfctr_core arat cpb npt lbrv svm_lock nrip_save tsc_scale vmcb_clean flushbyasid decodeassists pausefilter pfthreshold
bogomips	: 4601.60
TLB size	: 1536 4K pages
clflush size	: 64
cache_alignment	: 64
address sizes	: 48 bits physical, 48 bits virtual
power management: ts ttp tm 100mhzsteps hwpstate [9]

processor	: 2
vendor_id	: AuthenticAMD
cpu family	: 21
model		: 1
model name	: AMD Opteron(TM) Processor 6276                 
stepping	: 2
microcode	: 0x6000626
cpu MHz		: 1400.000
cache size	: 2048 KB
physical id	: 0
siblings	: 16
core id		: 2
cpu cores	: 8
apicid		: 2
initial apicid	: 2
fpu		: yes
fpu_exception	: yes
cpuid level	: 13
wp		: yes
flags		: fpu vme de pse tsc msr pae mce cx8 apic sep mtrr pge mca cmov pat pse36 clflush mmx fxsr sse sse2 ht syscall nx mmxext fxsr_opt pdpe1gb rdtscp lm constant_tsc rep_good nopl nonstop_tsc extd_apicid amd_dcm aperfmperf pni pclmulqdq monitor ssse3 cx16 sse4_1 sse4_2 popcnt aes xsave avx lahf_lm cmp_legacy svm extapic cr8_legacy abm sse4a misalignsse 3dnowprefetch osvw ibs xop skinit wdt lwp fma4 nodeid_msr topoext perfctr_core arat cpb npt lbrv svm_lock nrip_save tsc_scale vmcb_clean flushbyasid decodeassists pausefilter pfthreshold
bogomips	: 4601.70
TLB size	: 1536 4K pages
clflush size	: 64
cache_alignment	: 64
address sizes	: 48 bits physical, 48 bits virtual
power management: ts ttp tm 100mhzsteps hwpstate [9]

processor	: 3
vendor_id	: AuthenticAMD
cpu family	: 21
model		: 1
model name	: AMD Opteron(TM) Processor 6276                 
stepping	: 2
microcode	: 0x6000626
cpu MHz		: 1400.000
cache size	: 2048 KB
physical id	: 0
siblings	: 16
core id		: 3
cpu cores	: 8
apicid		: 3
initial apicid	: 3
fpu		: yes
fpu_exception	: yes
cpuid level	: 13
wp		: yes
flags		: fpu vme de pse tsc msr pae mce cx8 apic sep mtrr pge mca cmov pat pse36 clflush mmx fxsr sse sse2 ht syscall nx mmxext fxsr_opt pdpe1gb rdtscp lm constant_tsc rep_good nopl nonstop_tsc extd_apicid amd_dcm aperfmperf pni pclmulqdq monitor ssse3 cx16 sse4_1 sse4_2 popcnt aes xsave avx lahf_lm cmp_legacy svm extapic cr8_legacy abm sse4a misalignsse 3dnowprefetch osvw ibs xop skinit wdt lwp fma4 nodeid_msr topoext perfctr_core arat cpb npt lbrv svm_lock nrip_save tsc_scale vmcb_clean flushbyasid decodeassists pausefilter pfthreshold
bogomips	: 4601.69
TLB size	: 1536 4K pages
clflush size	: 64
cache_alignment	: 64
address sizes	: 48 bits physical, 48 bits virtual
power management: ts ttp tm 100mhzsteps hwpstate [9]

processor	: 4
vendor_id	: AuthenticAMD
cpu family	: 21
model		: 1
model name	: AMD Opteron(TM) Processor 6276                 
stepping	: 2
microcode	: 0x6000626
cpu MHz		: 1400.000
cache size	: 2048 KB
physical id	: 0
siblings	: 16
core id		: 4
cpu cores	: 8
apicid		: 4
initial apicid	: 4
fpu		: yes
fpu_exception	: yes
cpuid level	: 13
wp		: yes
flags		: fpu vme de pse tsc msr pae mce cx8 apic sep mtrr pge mca cmov pat pse36 clflush mmx fxsr sse sse2 ht syscall nx mmxext fxsr_opt pdpe1gb rdtscp lm constant_tsc rep_good nopl nonstop_tsc extd_apicid amd_dcm aperfmperf pni pclmulqdq monitor ssse3 cx16 sse4_1 sse4_2 popcnt aes xsave avx lahf_lm cmp_legacy svm extapic cr8_legacy abm sse4a misalignsse 3dnowprefetch osvw ibs xop skinit wdt lwp fma4 nodeid_msr topoext perfctr_core arat cpb npt lbrv svm_lock nrip_save tsc_scale vmcb_clean flushbyasid decodeassists pausefilter pfthreshold
bogomips	: 4601.70
TLB size	: 1536 4K pages
clflush size	: 64
cache_alignment	: 64
address sizes	: 48 bits physical, 48 bits virtual
power management: ts ttp tm 100mhzsteps hwpstate [9]

processor	: 5
vendor_id	: AuthenticAMD
cpu family	: 21
model		: 1
model name	: AMD Opteron(TM) Processor 6276                 
stepping	: 2
microcode	: 0x6000626
cpu MHz		: 1400.000
cache size	: 2048 KB
physical id	: 0
siblings	: 16
core id		: 5
cpu cores	: 8
apicid		: 5
initial apicid	: 5
fpu		: yes
fpu_exception	: yes
cpuid level	: 13
wp		: yes
flags		: fpu vme de pse tsc msr pae mce cx8 apic sep mtrr pge mca cmov pat pse36 clflush mmx fxsr sse sse2 ht syscall nx mmxext fxsr_opt pdpe1gb rdtscp lm constant_tsc rep_good nopl nonstop_tsc extd_apicid amd_dcm aperfmperf pni pclmulqdq monitor ssse3 cx16 sse4_1 sse4_2 popcnt aes xsave avx lahf_lm cmp_legacy svm extapic cr8_legacy abm sse4a misalignsse 3dnowprefetch osvw ibs xop skinit wdt lwp fma4 nodeid_msr topoext perfctr_core arat cpb npt lbrv svm_lock nrip_save tsc_scale vmcb_clean flushbyasid decodeassists pausefilter pfthreshold
bogomips	: 4601.69
TLB size	: 1536 4K pages
clflush size	: 64
cache_alignment	: 64
address sizes	: 48 bits physical, 48 bits virtual
power management: ts ttp tm 100mhzsteps hwpstate [9]

processor	: 6
vendor_id	: AuthenticAMD
cpu family	: 21
model		: 1
model name	: AMD Opteron(TM) Processor 6276                 
stepping	: 2
microcode	: 0x6000626
cpu MHz		: 2300.000
cache size	: 2048 KB
physical id	: 0
siblings	: 16
core id		: 6
cpu cores	: 8
apicid		: 6
initial apicid	: 6
fpu		: yes
fpu_exception	: yes
cpuid level	: 13
wp		: yes
flags		: fpu vme de pse tsc msr pae mce cx8 apic sep mtrr pge mca cmov pat pse36 clflush mmx fxsr sse sse2 ht syscall nx mmxext fxsr_opt pdpe1gb rdtscp lm constant_tsc rep_good nopl nonstop_tsc extd_apicid amd_dcm aperfmperf pni pclmulqdq monitor ssse3 cx16 sse4_1 sse4_2 popcnt aes xsave avx lahf_lm cmp_legacy svm extapic cr8_legacy abm sse4a misalignsse 3dnowprefetch osvw ibs xop skinit wdt lwp fma4 nodeid_msr topoext perfctr_core arat cpb npt lbrv svm_lock nrip_save tsc_scale vmcb_clean flushbyasid decodeassists pausefilter pfthreshold
bogomips	: 4601.70
TLB size	: 1536 4K pages
clflush size	: 64
cache_alignment	: 64
address sizes	: 48 bits physical, 48 bits virtual
power management: ts ttp tm 100mhzsteps hwpstate [9]

processor	: 7
vendor_id	: AuthenticAMD
cpu family	: 21
model		: 1
model name	: AMD Opteron(TM) Processor 6276                 
stepping	: 2
microcode	: 0x6000626
cpu MHz		: 1600.000
cache size	: 2048 KB
physical id	: 0
siblings	: 16
core id		: 7
cpu cores	: 8
apicid		: 7
initial apicid	: 7
fpu		: yes
fpu_exception	: yes
cpuid level	: 13
wp		: yes
flags		: fpu vme de pse tsc msr pae mce cx8 apic sep mtrr pge mca cmov pat pse36 clflush mmx fxsr sse sse2 ht syscall nx mmxext fxsr_opt pdpe1gb rdtscp lm constant_tsc rep_good nopl nonstop_tsc extd_apicid amd_dcm aperfmperf pni pclmulqdq monitor ssse3 cx16 sse4_1 sse4_2 popcnt aes xsave avx lahf_lm cmp_legacy svm extapic cr8_legacy abm sse4a misalignsse 3dnowprefetch osvw ibs xop skinit wdt lwp fma4 nodeid_msr topoext perfctr_core arat cpb npt lbrv svm_lock nrip_save tsc_scale vmcb_clean flushbyasid decodeassists pausefilter pfthreshold
bogomips	: 4601.70
TLB size	: 1536 4K pages
clflush size	: 64
cache_alignment	: 64
address sizes	: 48 bits physical, 48 bits virtual
power management: ts ttp tm 100mhzsteps hwpstate [9]

processor	: 8
vendor_id	: AuthenticAMD
cpu family	: 21
model		: 1
model name	: AMD Opteron(TM) Processor 6276                 
stepping	: 2
microcode	: 0x6000626
cpu MHz		: 1400.000
cache size	: 2048 KB
physical id	: 0
siblings	: 16
core id		: 0
cpu cores	: 8
apicid		: 8
initial apicid	: 8
fpu		: yes
fpu_exception	: yes
cpuid level	: 13
wp		: yes
flags		: fpu vme de pse tsc msr pae mce cx8 apic sep mtrr pge mca cmov pat pse36 clflush mmx fxsr sse sse2 ht syscall nx mmxext fxsr_opt pdpe1gb rdtscp lm constant_tsc rep_good nopl nonstop_tsc extd_apicid amd_dcm aperfmperf pni pclmulqdq monitor ssse3 cx16 sse4_1 sse4_2 popcnt aes xsave avx lahf_lm cmp_legacy svm extapic cr8_legacy abm sse4a misalignsse 3dnowprefetch osvw ibs xop skinit wdt lwp fma4 nodeid_msr topoext perfctr_core arat cpb npt lbrv svm_lock nrip_save tsc_scale vmcb_clean flushbyasid decodeassists pausefilter pfthreshold
bogomips	: 4601.69
TLB size	: 1536 4K pages
clflush size	: 64
cache_alignment	: 64
address sizes	: 48 bits physical, 48 bits virtual
power management: ts ttp tm 100mhzsteps hwpstate [9]

processor	: 9
vendor_id	: AuthenticAMD
cpu family	: 21
model		: 1
model name	: AMD Opteron(TM) Processor 6276                 
stepping	: 2
microcode	: 0x6000626
cpu MHz		: 1400.000
cache size	: 2048 KB
physical id	: 0
siblings	: 16
core id		: 1
cpu cores	: 8
apicid		: 9
initial apicid	: 9
fpu		: yes
fpu_exception	: yes
cpuid level	: 13
wp		: yes
flags		: fpu vme de pse tsc msr pae mce cx8 apic sep mtrr pge mca cmov pat pse36 clflush mmx fxsr sse sse2 ht syscall nx mmxext fxsr_opt pdpe1gb rdtscp lm constant_tsc rep_good nopl nonstop_tsc extd_apicid amd_dcm aperfmperf pni pclmulqdq monitor ssse3 cx16 sse4_1 sse4_2 popcnt aes xsave avx lahf_lm cmp_legacy svm extapic cr8_legacy abm sse4a misalignsse 3dnowprefetch osvw ibs xop skinit wdt lwp fma4 nodeid_msr topoext perfctr_core arat cpb npt lbrv svm_lock nrip_save tsc_scale vmcb_clean flushbyasid decodeassists pausefilter pfthreshold
bogomips	: 4601.70
TLB size	: 1536 4K pages
clflush size	: 64
cache_alignment	: 64
address sizes	: 48 bits physical, 48 bits virtual
power management: ts ttp tm 100mhzsteps hwpstate [9]

processor	: 10
vendor_id	: AuthenticAMD
cpu family	: 21
model		: 1
model name	: AMD Opteron(TM) Processor 6276                 
stepping	: 2
microcode	: 0x6000626
cpu MHz		: 1800.000
cache size	: 2048 KB
physical id	: 0
siblings	: 16
core id		: 2
cpu cores	: 8
apicid		: 10
initial apicid	: 10
fpu		: yes
fpu_exception	: yes
cpuid level	: 13
wp		: yes
flags		: fpu vme de pse tsc msr pae mce cx8 apic sep mtrr pge mca cmov pat pse36 clflush mmx fxsr sse sse2 ht syscall nx mmxext fxsr_opt pdpe1gb rdtscp lm constant_tsc rep_good nopl nonstop_tsc extd_apicid amd_dcm aperfmperf pni pclmulqdq monitor ssse3 cx16 sse4_1 sse4_2 popcnt aes xsave avx lahf_lm cmp_legacy svm extapic cr8_legacy abm sse4a misalignsse 3dnowprefetch osvw ibs xop skinit wdt lwp fma4 nodeid_msr topoext perfctr_core arat cpb npt lbrv svm_lock nrip_save tsc_scale vmcb_clean flushbyasid decodeassists pausefilter pfthreshold
bogomips	: 4601.71
TLB size	: 1536 4K pages
clflush size	: 64
cache_alignment	: 64
address sizes	: 48 bits physical, 48 bits virtual
power management: ts ttp tm 100mhzsteps hwpstate [9]

processor	: 11
vendor_id	: AuthenticAMD
cpu family	: 21
model		: 1
model name	: AMD Opteron(TM) Processor 6276                 
stepping	: 2
microcode	: 0x6000626
cpu MHz		: 1400.000
cache size	: 2048 KB
physical id	: 0
siblings	: 16
core id		: 3
cpu cores	: 8
apicid		: 11
initial apicid	: 11
fpu		: yes
fpu_exception	: yes
cpuid level	: 13
wp		: yes
flags		: fpu vme de pse tsc msr pae mce cx8 apic sep mtrr pge mca cmov pat pse36 clflush mmx fxsr sse sse2 ht syscall nx mmxext fxsr_opt pdpe1gb rdtscp lm constant_tsc rep_good nopl nonstop_tsc extd_apicid amd_dcm aperfmperf pni pclmulqdq monitor ssse3 cx16 sse4_1 sse4_2 popcnt aes xsave avx lahf_lm cmp_legacy svm extapic cr8_legacy abm sse4a misalignsse 3dnowprefetch osvw ibs xop skinit wdt lwp fma4 nodeid_msr topoext perfctr_core arat cpb npt lbrv svm_lock nrip_save tsc_scale vmcb_clean flushbyasid decodeassists pausefilter pfthreshold
bogomips	: 4601.70
TLB size	: 1536 4K pages
clflush size	: 64
cache_alignment	: 64
address sizes	: 48 bits physical, 48 bits virtual
power management: ts ttp tm 100mhzsteps hwpstate [9]

processor	: 12
vendor_id	: AuthenticAMD
cpu family	: 21
model		: 1
model name	: AMD Opteron(TM) Processor 6276                 
stepping	: 2
microcode	: 0x6000626
cpu MHz		: 1400.000
cache size	: 2048 KB
physical id	: 0
siblings	: 16
core id		: 4
cpu cores	: 8
apicid		: 12
initial apicid	: 12
fpu		: yes
fpu_exception	: yes
cpuid level	: 13
wp		: yes
flags		: fpu vme de pse tsc msr pae mce cx8 apic sep mtrr pge mca cmov pat pse36 clflush mmx fxsr sse sse2 ht syscall nx mmxext fxsr_opt pdpe1gb rdtscp lm constant_tsc rep_good nopl nonstop_tsc extd_apicid amd_dcm aperfmperf pni pclmulqdq monitor ssse3 cx16 sse4_1 sse4_2 popcnt aes xsave avx lahf_lm cmp_legacy svm extapic cr8_legacy abm sse4a misalignsse 3dnowprefetch osvw ibs xop skinit wdt lwp fma4 nodeid_msr topoext perfctr_core arat cpb npt lbrv svm_lock nrip_save tsc_scale vmcb_clean flushbyasid decodeassists pausefilter pfthreshold
bogomips	: 4601.70
TLB size	: 1536 4K pages
clflush size	: 64
cache_alignment	: 64
address sizes	: 48 bits physical, 48 bits virtual
power management: ts ttp tm 100mhzsteps hwpstate [9]

processor	: 13
vendor_id	: AuthenticAMD
cpu family	: 21
model		: 1
model name	: AMD Opteron(TM) Processor 6276                 
stepping	: 2
microcode	: 0x6000626
cpu MHz		: 1400.000
cache size	: 2048 KB
physical id	: 0
siblings	: 16
core id		: 5
cpu cores	: 8
apicid		: 13
initial apicid	: 13
fpu		: yes
fpu_exception	: yes
cpuid level	: 13
wp		: yes
flags		: fpu vme de pse tsc msr pae mce cx8 apic sep mtrr pge mca cmov pat pse36 clflush mmx fxsr sse sse2 ht syscall nx mmxext fxsr_opt pdpe1gb rdtscp lm constant_tsc rep_good nopl nonstop_tsc extd_apicid amd_dcm aperfmperf pni pclmulqdq monitor ssse3 cx16 sse4_1 sse4_2 popcnt aes xsave avx lahf_lm cmp_legacy svm extapic cr8_legacy abm sse4a misalignsse 3dnowprefetch osvw ibs xop skinit wdt lwp fma4 nodeid_msr topoext perfctr_core arat cpb npt lbrv svm_lock nrip_save tsc_scale vmcb_clean flushbyasid decodeassists pausefilter pfthreshold
bogomips	: 4601.69
TLB size	: 1536 4K pages
clflush size	: 64
cache_alignment	: 64
address sizes	: 48 bits physical, 48 bits virtual
power management: ts ttp tm 100mhzsteps hwpstate [9]

processor	: 14
vendor_id	: AuthenticAMD
cpu family	: 21
model		: 1
model name	: AMD Opteron(TM) Processor 6276                 
stepping	: 2
microcode	: 0x6000626
cpu MHz		: 2300.000
cache size	: 2048 KB
physical id	: 0
siblings	: 16
core id		: 6
cpu cores	: 8
apicid		: 14
initial apicid	: 14
fpu		: yes
fpu_exception	: yes
cpuid level	: 13
wp		: yes
flags		: fpu vme de pse tsc msr pae mce cx8 apic sep mtrr pge mca cmov pat pse36 clflush mmx fxsr sse sse2 ht syscall nx mmxext fxsr_opt pdpe1gb rdtscp lm constant_tsc rep_good nopl nonstop_tsc extd_apicid amd_dcm aperfmperf pni pclmulqdq monitor ssse3 cx16 sse4_1 sse4_2 popcnt aes xsave avx lahf_lm cmp_legacy svm extapic cr8_legacy abm sse4a misalignsse 3dnowprefetch osvw ibs xop skinit wdt lwp fma4 nodeid_msr topoext perfctr_core arat cpb npt lbrv svm_lock nrip_save tsc_scale vmcb_clean flushbyasid decodeassists pausefilter pfthreshold
bogomips	: 4601.70
TLB size	: 1536 4K pages
clflush size	: 64
cache_alignment	: 64
address sizes	: 48 bits physical, 48 bits virtual
power management: ts ttp tm 100mhzsteps hwpstate [9]

processor	: 15
vendor_id	: AuthenticAMD
cpu family	: 21
model		: 1
model name	: AMD Opteron(TM) Processor 6276                 
stepping	: 2
microcode	: 0x6000626
cpu MHz		: 2300.000
cache size	: 2048 KB
physical id	: 0
siblings	: 16
core id		: 7
cpu cores	: 8
apicid		: 15
initial apicid	: 15
fpu		: yes
fpu_exception	: yes
cpuid level	: 13
wp		: yes
flags		: fpu vme de pse tsc msr pae mce cx8 apic sep mtrr pge mca cmov pat pse36 clflush mmx fxsr sse sse2 ht syscall nx mmxext fxsr_opt pdpe1gb rdtscp lm constant_tsc rep_good nopl nonstop_tsc extd_apicid amd_dcm aperfmperf pni pclmulqdq monitor ssse3 cx16 sse4_1 sse4_2 popcnt aes xsave avx lahf_lm cmp_legacy svm extapic cr8_legacy abm sse4a misalignsse 3dnowprefetch osvw ibs xop skinit wdt lwp fma4 nodeid_msr topoext perfctr_core arat cpb npt lbrv svm_lock nrip_save tsc_scale vmcb_clean flushbyasid decodeassists pausefilter pfthreshold
bogomips	: 4601.70
TLB size	: 1536 4K pages
clflush size	: 64
cache_alignment	: 64
address sizes	: 48 bits physical, 48 bits virtual
power management: ts ttp tm 100mhzsteps hwpstate [9]

processor	: 16
vendor_id	: AuthenticAMD
cpu family	: 21
model		: 1
model name	: AMD Opteron(TM) Processor 6276                 
stepping	: 2
microcode	: 0x6000626
cpu MHz		: 2300.000
cache size	: 2048 KB
physical id	: 3
siblings	: 16
core id		: 0
cpu cores	: 8
apicid		: 96
initial apicid	: 96
fpu		: yes
fpu_exception	: yes
cpuid level	: 13
wp		: yes
flags		: fpu vme de pse tsc msr pae mce cx8 apic sep mtrr pge mca cmov pat pse36 clflush mmx fxsr sse sse2 ht syscall nx mmxext fxsr_opt pdpe1gb rdtscp lm constant_tsc rep_good nopl nonstop_tsc extd_apicid amd_dcm aperfmperf pni pclmulqdq monitor ssse3 cx16 sse4_1 sse4_2 popcnt aes xsave avx lahf_lm cmp_legacy svm extapic cr8_legacy abm sse4a misalignsse 3dnowprefetch osvw ibs xop skinit wdt lwp fma4 nodeid_msr topoext perfctr_core arat cpb npt lbrv svm_lock nrip_save tsc_scale vmcb_clean flushbyasid decodeassists pausefilter pfthreshold
bogomips	: 4601.70
TLB size	: 1536 4K pages
clflush size	: 64
cache_alignment	: 64
address sizes	: 48 bits physical, 48 bits virtual
power management: ts ttp tm 100mhzsteps hwpstate [9]

processor	: 17
vendor_id	: AuthenticAMD
cpu family	: 21
model		: 1
model name	: AMD Opteron(TM) Processor 6276                 
stepping	: 2
microcode	: 0x6000626
cpu MHz		: 1400.000
cache size	: 2048 KB
physical id	: 3
siblings	: 16
core id		: 1
cpu cores	: 8
apicid		: 97
initial apicid	: 97
fpu		: yes
fpu_exception	: yes
cpuid level	: 13
wp		: yes
flags		: fpu vme de pse tsc msr pae mce cx8 apic sep mtrr pge mca cmov pat pse36 clflush mmx fxsr sse sse2 ht syscall nx mmxext fxsr_opt pdpe1gb rdtscp lm constant_tsc rep_good nopl nonstop_tsc extd_apicid amd_dcm aperfmperf pni pclmulqdq monitor ssse3 cx16 sse4_1 sse4_2 popcnt aes xsave avx lahf_lm cmp_legacy svm extapic cr8_legacy abm sse4a misalignsse 3dnowprefetch osvw ibs xop skinit wdt lwp fma4 nodeid_msr topoext perfctr_core arat cpb npt lbrv svm_lock nrip_save tsc_scale vmcb_clean flushbyasid decodeassists pausefilter pfthreshold
bogomips	: 4601.70
TLB size	: 1536 4K pages
clflush size	: 64
cache_alignment	: 64
address sizes	: 48 bits physical, 48 bits virtual
power management: ts ttp tm 100mhzsteps hwpstate [9]

processor	: 18
vendor_id	: AuthenticAMD
cpu family	: 21
model		: 1
model name	: AMD Opteron(TM) Processor 6276                 
stepping	: 2
microcode	: 0x6000626
cpu MHz		: 1400.000
cache size	: 2048 KB
physical id	: 3
siblings	: 16
core id		: 2
cpu cores	: 8
apicid		: 98
initial apicid	: 98
fpu		: yes
fpu_exception	: yes
cpuid level	: 13
wp		: yes
flags		: fpu vme de pse tsc msr pae mce cx8 apic sep mtrr pge mca cmov pat pse36 clflush mmx fxsr sse sse2 ht syscall nx mmxext fxsr_opt pdpe1gb rdtscp lm constant_tsc rep_good nopl nonstop_tsc extd_apicid amd_dcm aperfmperf pni pclmulqdq monitor ssse3 cx16 sse4_1 sse4_2 popcnt aes xsave avx lahf_lm cmp_legacy svm extapic cr8_legacy abm sse4a misalignsse 3dnowprefetch osvw ibs xop skinit wdt lwp fma4 nodeid_msr topoext perfctr_core arat cpb npt lbrv svm_lock nrip_save tsc_scale vmcb_clean flushbyasid decodeassists pausefilter pfthreshold
bogomips	: 4601.69
TLB size	: 1536 4K pages
clflush size	: 64
cache_alignment	: 64
address sizes	: 48 bits physical, 48 bits virtual
power management: ts ttp tm 100mhzsteps hwpstate [9]

processor	: 19
vendor_id	: AuthenticAMD
cpu family	: 21
model		: 1
model name	: AMD Opteron(TM) Processor 6276                 
stepping	: 2
microcode	: 0x6000626
cpu MHz		: 1400.000
cache size	: 2048 KB
physical id	: 3
siblings	: 16
core id		: 3
cpu cores	: 8
apicid		: 99
initial apicid	: 99
fpu		: yes
fpu_exception	: yes
cpuid level	: 13
wp		: yes
flags		: fpu vme de pse tsc msr pae mce cx8 apic sep mtrr pge mca cmov pat pse36 clflush mmx fxsr sse sse2 ht syscall nx mmxext fxsr_opt pdpe1gb rdtscp lm constant_tsc rep_good nopl nonstop_tsc extd_apicid amd_dcm aperfmperf pni pclmulqdq monitor ssse3 cx16 sse4_1 sse4_2 popcnt aes xsave avx lahf_lm cmp_legacy svm extapic cr8_legacy abm sse4a misalignsse 3dnowprefetch osvw ibs xop skinit wdt lwp fma4 nodeid_msr topoext perfctr_core arat cpb npt lbrv svm_lock nrip_save tsc_scale vmcb_clean flushbyasid decodeassists pausefilter pfthreshold
bogomips	: 4601.70
TLB size	: 1536 4K pages
clflush size	: 64
cache_alignment	: 64
address sizes	: 48 bits physical, 48 bits virtual
power management: ts ttp tm 100mhzsteps hwpstate [9]

processor	: 20
vendor_id	: AuthenticAMD
cpu family	: 21
model		: 1
model name	: AMD Opteron(TM) Processor 6276                 
stepping	: 2
microcode	: 0x6000626
cpu MHz		: 1400.000
cache size	: 2048 KB
physical id	: 3
siblings	: 16
core id		: 4
cpu cores	: 8
apicid		: 100
initial apicid	: 100
fpu		: yes
fpu_exception	: yes
cpuid level	: 13
wp		: yes
flags		: fpu vme de pse tsc msr pae mce cx8 apic sep mtrr pge mca cmov pat pse36 clflush mmx fxsr sse sse2 ht syscall nx mmxext fxsr_opt pdpe1gb rdtscp lm constant_tsc rep_good nopl nonstop_tsc extd_apicid amd_dcm aperfmperf pni pclmulqdq monitor ssse3 cx16 sse4_1 sse4_2 popcnt aes xsave avx lahf_lm cmp_legacy svm extapic cr8_legacy abm sse4a misalignsse 3dnowprefetch osvw ibs xop skinit wdt lwp fma4 nodeid_msr topoext perfctr_core arat cpb npt lbrv svm_lock nrip_save tsc_scale vmcb_clean flushbyasid decodeassists pausefilter pfthreshold
bogomips	: 4601.69
TLB size	: 1536 4K pages
clflush size	: 64
cache_alignment	: 64
address sizes	: 48 bits physical, 48 bits virtual
power management: ts ttp tm 100mhzsteps hwpstate [9]

processor	: 21
vendor_id	: AuthenticAMD
cpu family	: 21
model		: 1
model name	: AMD Opteron(TM) Processor 6276                 
stepping	: 2
microcode	: 0x6000626
cpu MHz		: 1400.000
cache size	: 2048 KB
physical id	: 3
siblings	: 16
core id		: 5
cpu cores	: 8
apicid		: 101
initial apicid	: 101
fpu		: yes
fpu_exception	: yes
cpuid level	: 13
wp		: yes
flags		: fpu vme de pse tsc msr pae mce cx8 apic sep mtrr pge mca cmov pat pse36 clflush mmx fxsr sse sse2 ht syscall nx mmxext fxsr_opt pdpe1gb rdtscp lm constant_tsc rep_good nopl nonstop_tsc extd_apicid amd_dcm aperfmperf pni pclmulqdq monitor ssse3 cx16 sse4_1 sse4_2 popcnt aes xsave avx lahf_lm cmp_legacy svm extapic cr8_legacy abm sse4a misalignsse 3dnowprefetch osvw ibs xop skinit wdt lwp fma4 nodeid_msr topoext perfctr_core arat cpb npt lbrv svm_lock nrip_save tsc_scale vmcb_clean flushbyasid decodeassists pausefilter pfthreshold
bogomips	: 4601.71
TLB size	: 1536 4K pages
clflush size	: 64
cache_alignment	: 64
address sizes	: 48 bits physical, 48 bits virtual
power management: ts ttp tm 100mhzsteps hwpstate [9]

processor	: 22
vendor_id	: AuthenticAMD
cpu family	: 21
model		: 1
model name	: AMD Opteron(TM) Processor 6276                 
stepping	: 2
microcode	: 0x6000626
cpu MHz		: 2300.000
cache size	: 2048 KB
physical id	: 3
siblings	: 16
core id		: 6
cpu cores	: 8
apicid		: 102
initial apicid	: 102
fpu		: yes
fpu_exception	: yes
cpuid level	: 13
wp		: yes
flags		: fpu vme de pse tsc msr pae mce cx8 apic sep mtrr pge mca cmov pat pse36 clflush mmx fxsr sse sse2 ht syscall nx mmxext fxsr_opt pdpe1gb rdtscp lm constant_tsc rep_good nopl nonstop_tsc extd_apicid amd_dcm aperfmperf pni pclmulqdq monitor ssse3 cx16 sse4_1 sse4_2 popcnt aes xsave avx lahf_lm cmp_legacy svm extapic cr8_legacy abm sse4a misalignsse 3dnowprefetch osvw ibs xop skinit wdt lwp fma4 nodeid_msr topoext perfctr_core arat cpb npt lbrv svm_lock nrip_save tsc_scale vmcb_clean flushbyasid decodeassists pausefilter pfthreshold
bogomips	: 4601.69
TLB size	: 1536 4K pages
clflush size	: 64
cache_alignment	: 64
address sizes	: 48 bits physical, 48 bits virtual
power management: ts ttp tm 100mhzsteps hwpstate [9]

processor	: 23
vendor_id	: AuthenticAMD
cpu family	: 21
model		: 1
model name	: AMD Opteron(TM) Processor 6276                 
stepping	: 2
microcode	: 0x6000626
cpu MHz		: 1400.000
cache size	: 2048 KB
physical id	: 3
siblings	: 16
core id		: 7
cpu cores	: 8
apicid		: 103
initial apicid	: 103
fpu		: yes
fpu_exception	: yes
cpuid level	: 13
wp		: yes
flags		: fpu vme de pse tsc msr pae mce cx8 apic sep mtrr pge mca cmov pat pse36 clflush mmx fxsr sse sse2 ht syscall nx mmxext fxsr_opt pdpe1gb rdtscp lm constant_tsc rep_good nopl nonstop_tsc extd_apicid amd_dcm aperfmperf pni pclmulqdq monitor ssse3 cx16 sse4_1 sse4_2 popcnt aes xsave avx lahf_lm cmp_legacy svm extapic cr8_legacy abm sse4a misalignsse 3dnowprefetch osvw ibs xop skinit wdt lwp fma4 nodeid_msr topoext perfctr_core arat cpb npt lbrv svm_lock nrip_save tsc_scale vmcb_clean flushbyasid decodeassists pausefilter pfthreshold
bogomips	: 4601.69
TLB size	: 1536 4K pages
clflush size	: 64
cache_alignment	: 64
address sizes	: 48 bits physical, 48 bits virtual
power management: ts ttp tm 100mhzsteps hwpstate [9]

processor	: 24
vendor_id	: AuthenticAMD
cpu family	: 21
model		: 1
model name	: AMD Opteron(TM) Processor 6276                 
stepping	: 2
microcode	: 0x6000626
cpu MHz		: 2300.000
cache size	: 2048 KB
physical id	: 3
siblings	: 16
core id		: 0
cpu cores	: 8
apicid		: 104
initial apicid	: 104
fpu		: yes
fpu_exception	: yes
cpuid level	: 13
wp		: yes
flags		: fpu vme de pse tsc msr pae mce cx8 apic sep mtrr pge mca cmov pat pse36 clflush mmx fxsr sse sse2 ht syscall nx mmxext fxsr_opt pdpe1gb rdtscp lm constant_tsc rep_good nopl nonstop_tsc extd_apicid amd_dcm aperfmperf pni pclmulqdq monitor ssse3 cx16 sse4_1 sse4_2 popcnt aes xsave avx lahf_lm cmp_legacy svm extapic cr8_legacy abm sse4a misalignsse 3dnowprefetch osvw ibs xop skinit wdt lwp fma4 nodeid_msr topoext perfctr_core arat cpb npt lbrv svm_lock nrip_save tsc_scale vmcb_clean flushbyasid decodeassists pausefilter pfthreshold
bogomips	: 4601.70
TLB size	: 1536 4K pages
clflush size	: 64
cache_alignment	: 64
address sizes	: 48 bits physical, 48 bits virtual
power management: ts ttp tm 100mhzsteps hwpstate [9]

processor	: 25
vendor_id	: AuthenticAMD
cpu family	: 21
model		: 1
model name	: AMD Opteron(TM) Processor 6276                 
stepping	: 2
microcode	: 0x6000626
cpu MHz		: 1400.000
cache size	: 2048 KB
physical id	: 3
siblings	: 16
core id		: 1
cpu cores	: 8
apicid		: 105
initial apicid	: 105
fpu		: yes
fpu_exception	: yes
cpuid level	: 13
wp		: yes
flags		: fpu vme de pse tsc msr pae mce cx8 apic sep mtrr pge mca cmov pat pse36 clflush mmx fxsr sse sse2 ht syscall nx mmxext fxsr_opt pdpe1gb rdtscp lm constant_tsc rep_good nopl nonstop_tsc extd_apicid amd_dcm aperfmperf pni pclmulqdq monitor ssse3 cx16 sse4_1 sse4_2 popcnt aes xsave avx lahf_lm cmp_legacy svm extapic cr8_legacy abm sse4a misalignsse 3dnowprefetch osvw ibs xop skinit wdt lwp fma4 nodeid_msr topoext perfctr_core arat cpb npt lbrv svm_lock nrip_save tsc_scale vmcb_clean flushbyasid decodeassists pausefilter pfthreshold
bogomips	: 4601.71
TLB size	: 1536 4K pages
clflush size	: 64
cache_alignment	: 64
address sizes	: 48 bits physical, 48 bits virtual
power management: ts ttp tm 100mhzsteps hwpstate [9]

processor	: 26
vendor_id	: AuthenticAMD
cpu family	: 21
model		: 1
model name	: AMD Opteron(TM) Processor 6276                 
stepping	: 2
microcode	: 0x6000626
cpu MHz		: 1400.000
cache size	: 2048 KB
physical id	: 3
siblings	: 16
core id		: 2
cpu cores	: 8
apicid		: 106
initial apicid	: 106
fpu		: yes
fpu_exception	: yes
cpuid level	: 13
wp		: yes
flags		: fpu vme de pse tsc msr pae mce cx8 apic sep mtrr pge mca cmov pat pse36 clflush mmx fxsr sse sse2 ht syscall nx mmxext fxsr_opt pdpe1gb rdtscp lm constant_tsc rep_good nopl nonstop_tsc extd_apicid amd_dcm aperfmperf pni pclmulqdq monitor ssse3 cx16 sse4_1 sse4_2 popcnt aes xsave avx lahf_lm cmp_legacy svm extapic cr8_legacy abm sse4a misalignsse 3dnowprefetch osvw ibs xop skinit wdt lwp fma4 nodeid_msr topoext perfctr_core arat cpb npt lbrv svm_lock nrip_save tsc_scale vmcb_clean flushbyasid decodeassists pausefilter pfthreshold
bogomips	: 4601.73
TLB size	: 1536 4K pages
clflush size	: 64
cache_alignment	: 64
address sizes	: 48 bits physical, 48 bits virtual
power management: ts ttp tm 100mhzsteps hwpstate [9]

processor	: 27
vendor_id	: AuthenticAMD
cpu family	: 21
model		: 1
model name	: AMD Opteron(TM) Processor 6276                 
stepping	: 2
microcode	: 0x6000626
cpu MHz		: 2300.000
cache size	: 2048 KB
physical id	: 3
siblings	: 16
core id		: 3
cpu cores	: 8
apicid		: 107
initial apicid	: 107
fpu		: yes
fpu_exception	: yes
cpuid level	: 13
wp		: yes
flags		: fpu vme de pse tsc msr pae mce cx8 apic sep mtrr pge mca cmov pat pse36 clflush mmx fxsr sse sse2 ht syscall nx mmxext fxsr_opt pdpe1gb rdtscp lm constant_tsc rep_good nopl nonstop_tsc extd_apicid amd_dcm aperfmperf pni pclmulqdq monitor ssse3 cx16 sse4_1 sse4_2 popcnt aes xsave avx lahf_lm cmp_legacy svm extapic cr8_legacy abm sse4a misalignsse 3dnowprefetch osvw ibs xop skinit wdt lwp fma4 nodeid_msr topoext perfctr_core arat cpb npt lbrv svm_lock nrip_save tsc_scale vmcb_clean flushbyasid decodeassists pausefilter pfthreshold
bogomips	: 4601.72
TLB size	: 1536 4K pages
clflush size	: 64
cache_alignment	: 64
address sizes	: 48 bits physical, 48 bits virtual
power management: ts ttp tm 100mhzsteps hwpstate [9]

processor	: 28
vendor_id	: AuthenticAMD
cpu family	: 21
model		: 1
model name	: AMD Opteron(TM) Processor 6276                 
stepping	: 2
microcode	: 0x6000626
cpu MHz		: 1400.000
cache size	: 2048 KB
physical id	: 3
siblings	: 16
core id		: 4
cpu cores	: 8
apicid		: 108
initial apicid	: 108
fpu		: yes
fpu_exception	: yes
cpuid level	: 13
wp		: yes
flags		: fpu vme de pse tsc msr pae mce cx8 apic sep mtrr pge mca cmov pat pse36 clflush mmx fxsr sse sse2 ht syscall nx mmxext fxsr_opt pdpe1gb rdtscp lm constant_tsc rep_good nopl nonstop_tsc extd_apicid amd_dcm aperfmperf pni pclmulqdq monitor ssse3 cx16 sse4_1 sse4_2 popcnt aes xsave avx lahf_lm cmp_legacy svm extapic cr8_legacy abm sse4a misalignsse 3dnowprefetch osvw ibs xop skinit wdt lwp fma4 nodeid_msr topoext perfctr_core arat cpb npt lbrv svm_lock nrip_save tsc_scale vmcb_clean flushbyasid decodeassists pausefilter pfthreshold
bogomips	: 4601.71
TLB size	: 1536 4K pages
clflush size	: 64
cache_alignment	: 64
address sizes	: 48 bits physical, 48 bits virtual
power management: ts ttp tm 100mhzsteps hwpstate [9]

processor	: 29
vendor_id	: AuthenticAMD
cpu family	: 21
model		: 1
model name	: AMD Opteron(TM) Processor 6276                 
stepping	: 2
microcode	: 0x6000626
cpu MHz		: 1400.000
cache size	: 2048 KB
physical id	: 3
siblings	: 16
core id		: 5
cpu cores	: 8
apicid		: 109
initial apicid	: 109
fpu		: yes
fpu_exception	: yes
cpuid level	: 13
wp		: yes
flags		: fpu vme de pse tsc msr pae mce cx8 apic sep mtrr pge mca cmov pat pse36 clflush mmx fxsr sse sse2 ht syscall nx mmxext fxsr_opt pdpe1gb rdtscp lm constant_tsc rep_good nopl nonstop_tsc extd_apicid amd_dcm aperfmperf pni pclmulqdq monitor ssse3 cx16 sse4_1 sse4_2 popcnt aes xsave avx lahf_lm cmp_legacy svm extapic cr8_legacy abm sse4a misalignsse 3dnowprefetch osvw ibs xop skinit wdt lwp fma4 nodeid_msr topoext perfctr_core arat cpb npt lbrv svm_lock nrip_save tsc_scale vmcb_clean flushbyasid decodeassists pausefilter pfthreshold
bogomips	: 4601.69
TLB size	: 1536 4K pages
clflush size	: 64
cache_alignment	: 64
address sizes	: 48 bits physical, 48 bits virtual
power management: ts ttp tm 100mhzsteps hwpstate [9]

processor	: 30
vendor_id	: AuthenticAMD
cpu family	: 21
model		: 1
model name	: AMD Opteron(TM) Processor 6276                 
stepping	: 2
microcode	: 0x6000626
cpu MHz		: 2300.000
cache size	: 2048 KB
physical id	: 3
siblings	: 16
core id		: 6
cpu cores	: 8
apicid		: 110
initial apicid	: 110
fpu		: yes
fpu_exception	: yes
cpuid level	: 13
wp		: yes
flags		: fpu vme de pse tsc msr pae mce cx8 apic sep mtrr pge mca cmov pat pse36 clflush mmx fxsr sse sse2 ht syscall nx mmxext fxsr_opt pdpe1gb rdtscp lm constant_tsc rep_good nopl nonstop_tsc extd_apicid amd_dcm aperfmperf pni pclmulqdq monitor ssse3 cx16 sse4_1 sse4_2 popcnt aes xsave avx lahf_lm cmp_legacy svm extapic cr8_legacy abm sse4a misalignsse 3dnowprefetch osvw ibs xop skinit wdt lwp fma4 nodeid_msr topoext perfctr_core arat cpb npt lbrv svm_lock nrip_save tsc_scale vmcb_clean flushbyasid decodeassists pausefilter pfthreshold
bogomips	: 4601.73
TLB size	: 1536 4K pages
clflush size	: 64
cache_alignment	: 64
address sizes	: 48 bits physical, 48 bits virtual
power management: ts ttp tm 100mhzsteps hwpstate [9]

processor	: 31
vendor_id	: AuthenticAMD
cpu family	: 21
model		: 1
model name	: AMD Opteron(TM) Processor 6276                 
stepping	: 2
microcode	: 0x6000626
cpu MHz		: 1400.000
cache size	: 2048 KB
physical id	: 3
siblings	: 16
core id		: 7
cpu cores	: 8
apicid		: 111
initial apicid	: 111
fpu		: yes
fpu_exception	: yes
cpuid level	: 13
wp		: yes
flags		: fpu vme de pse tsc msr pae mce cx8 apic sep mtrr pge mca cmov pat pse36 clflush mmx fxsr sse sse2 ht syscall nx mmxext fxsr_opt pdpe1gb rdtscp lm constant_tsc rep_good nopl nonstop_tsc extd_apicid amd_dcm aperfmperf pni pclmulqdq monitor ssse3 cx16 sse4_1 sse4_2 popcnt aes xsave avx lahf_lm cmp_legacy svm extapic cr8_legacy abm sse4a misalignsse 3dnowprefetch osvw ibs xop skinit wdt lwp fma4 nodeid_msr topoext perfctr_core arat cpb npt lbrv svm_lock nrip_save tsc_scale vmcb_clean flushbyasid decodeassists pausefilter pfthreshold
bogomips	: 4601.72
TLB size	: 1536 4K pages
clflush size	: 64
cache_alignment	: 64
address sizes	: 48 bits physical, 48 bits virtual
power management: ts ttp tm 100mhzsteps hwpstate [9]

processor	: 32
vendor_id	: AuthenticAMD
cpu family	: 21
model		: 1
model name	: AMD Opteron(TM) Processor 6276                 
stepping	: 2
microcode	: 0x6000626
cpu MHz		: 1400.000
cache size	: 2048 KB
physical id	: 1
siblings	: 16
core id		: 0
cpu cores	: 8
apicid		: 32
initial apicid	: 32
fpu		: yes
fpu_exception	: yes
cpuid level	: 13
wp		: yes
flags		: fpu vme de pse tsc msr pae mce cx8 apic sep mtrr pge mca cmov pat pse36 clflush mmx fxsr sse sse2 ht syscall nx mmxext fxsr_opt pdpe1gb rdtscp lm constant_tsc rep_good nopl nonstop_tsc extd_apicid amd_dcm aperfmperf pni pclmulqdq monitor ssse3 cx16 sse4_1 sse4_2 popcnt aes xsave avx lahf_lm cmp_legacy svm extapic cr8_legacy abm sse4a misalignsse 3dnowprefetch osvw ibs xop skinit wdt lwp fma4 nodeid_msr topoext perfctr_core arat cpb npt lbrv svm_lock nrip_save tsc_scale vmcb_clean flushbyasid decodeassists pausefilter pfthreshold
bogomips	: 4601.71
TLB size	: 1536 4K pages
clflush size	: 64
cache_alignment	: 64
address sizes	: 48 bits physical, 48 bits virtual
power management: ts ttp tm 100mhzsteps hwpstate [9]

processor	: 33
vendor_id	: AuthenticAMD
cpu family	: 21
model		: 1
model name	: AMD Opteron(TM) Processor 6276                 
stepping	: 2
microcode	: 0x6000626
cpu MHz		: 2300.000
cache size	: 2048 KB
physical id	: 1
siblings	: 16
core id		: 1
cpu cores	: 8
apicid		: 33
initial apicid	: 33
fpu		: yes
fpu_exception	: yes
cpuid level	: 13
wp		: yes
flags		: fpu vme de pse tsc msr pae mce cx8 apic sep mtrr pge mca cmov pat pse36 clflush mmx fxsr sse sse2 ht syscall nx mmxext fxsr_opt pdpe1gb rdtscp lm constant_tsc rep_good nopl nonstop_tsc extd_apicid amd_dcm aperfmperf pni pclmulqdq monitor ssse3 cx16 sse4_1 sse4_2 popcnt aes xsave avx lahf_lm cmp_legacy svm extapic cr8_legacy abm sse4a misalignsse 3dnowprefetch osvw ibs xop skinit wdt lwp fma4 nodeid_msr topoext perfctr_core arat cpb npt lbrv svm_lock nrip_save tsc_scale vmcb_clean flushbyasid decodeassists pausefilter pfthreshold
bogomips	: 4601.71
TLB size	: 1536 4K pages
clflush size	: 64
cache_alignment	: 64
address sizes	: 48 bits physical, 48 bits virtual
power management: ts ttp tm 100mhzsteps hwpstate [9]

processor	: 34
vendor_id	: AuthenticAMD
cpu family	: 21
model		: 1
model name	: AMD Opteron(TM) Processor 6276                 
stepping	: 2
microcode	: 0x6000626
cpu MHz		: 1400.000
cache size	: 2048 KB
physical id	: 1
siblings	: 16
core id		: 2
cpu cores	: 8
apicid		: 34
initial apicid	: 34
fpu		: yes
fpu_exception	: yes
cpuid level	: 13
wp		: yes
flags		: fpu vme de pse tsc msr pae mce cx8 apic sep mtrr pge mca cmov pat pse36 clflush mmx fxsr sse sse2 ht syscall nx mmxext fxsr_opt pdpe1gb rdtscp lm constant_tsc rep_good nopl nonstop_tsc extd_apicid amd_dcm aperfmperf pni pclmulqdq monitor ssse3 cx16 sse4_1 sse4_2 popcnt aes xsave avx lahf_lm cmp_legacy svm extapic cr8_legacy abm sse4a misalignsse 3dnowprefetch osvw ibs xop skinit wdt lwp fma4 nodeid_msr topoext perfctr_core arat cpb npt lbrv svm_lock nrip_save tsc_scale vmcb_clean flushbyasid decodeassists pausefilter pfthreshold
bogomips	: 4601.69
TLB size	: 1536 4K pages
clflush size	: 64
cache_alignment	: 64
address sizes	: 48 bits physical, 48 bits virtual
power management: ts ttp tm 100mhzsteps hwpstate [9]

processor	: 35
vendor_id	: AuthenticAMD
cpu family	: 21
model		: 1
model name	: AMD Opteron(TM) Processor 6276                 
stepping	: 2
microcode	: 0x6000626
cpu MHz		: 1400.000
cache size	: 2048 KB
physical id	: 1
siblings	: 16
core id		: 3
cpu cores	: 8
apicid		: 35
initial apicid	: 35
fpu		: yes
fpu_exception	: yes
cpuid level	: 13
wp		: yes
flags		: fpu vme de pse tsc msr pae mce cx8 apic sep mtrr pge mca cmov pat pse36 clflush mmx fxsr sse sse2 ht syscall nx mmxext fxsr_opt pdpe1gb rdtscp lm constant_tsc rep_good nopl nonstop_tsc extd_apicid amd_dcm aperfmperf pni pclmulqdq monitor ssse3 cx16 sse4_1 sse4_2 popcnt aes xsave avx lahf_lm cmp_legacy svm extapic cr8_legacy abm sse4a misalignsse 3dnowprefetch osvw ibs xop skinit wdt lwp fma4 nodeid_msr topoext perfctr_core arat cpb npt lbrv svm_lock nrip_save tsc_scale vmcb_clean flushbyasid decodeassists pausefilter pfthreshold
bogomips	: 4601.70
TLB size	: 1536 4K pages
clflush size	: 64
cache_alignment	: 64
address sizes	: 48 bits physical, 48 bits virtual
power management: ts ttp tm 100mhzsteps hwpstate [9]

processor	: 36
vendor_id	: AuthenticAMD
cpu family	: 21
model		: 1
model name	: AMD Opteron(TM) Processor 6276                 
stepping	: 2
microcode	: 0x6000626
cpu MHz		: 1400.000
cache size	: 2048 KB
physical id	: 1
siblings	: 16
core id		: 4
cpu cores	: 8
apicid		: 36
initial apicid	: 36
fpu		: yes
fpu_exception	: yes
cpuid level	: 13
wp		: yes
flags		: fpu vme de pse tsc msr pae mce cx8 apic sep mtrr pge mca cmov pat pse36 clflush mmx fxsr sse sse2 ht syscall nx mmxext fxsr_opt pdpe1gb rdtscp lm constant_tsc rep_good nopl nonstop_tsc extd_apicid amd_dcm aperfmperf pni pclmulqdq monitor ssse3 cx16 sse4_1 sse4_2 popcnt aes xsave avx lahf_lm cmp_legacy svm extapic cr8_legacy abm sse4a misalignsse 3dnowprefetch osvw ibs xop skinit wdt lwp fma4 nodeid_msr topoext perfctr_core arat cpb npt lbrv svm_lock nrip_save tsc_scale vmcb_clean flushbyasid decodeassists pausefilter pfthreshold
bogomips	: 4601.71
TLB size	: 1536 4K pages
clflush size	: 64
cache_alignment	: 64
address sizes	: 48 bits physical, 48 bits virtual
power management: ts ttp tm 100mhzsteps hwpstate [9]

processor	: 37
vendor_id	: AuthenticAMD
cpu family	: 21
model		: 1
model name	: AMD Opteron(TM) Processor 6276                 
stepping	: 2
microcode	: 0x6000626
cpu MHz		: 1400.000
cache size	: 2048 KB
physical id	: 1
siblings	: 16
core id		: 5
cpu cores	: 8
apicid		: 37
initial apicid	: 37
fpu		: yes
fpu_exception	: yes
cpuid level	: 13
wp		: yes
flags		: fpu vme de pse tsc msr pae mce cx8 apic sep mtrr pge mca cmov pat pse36 clflush mmx fxsr sse sse2 ht syscall nx mmxext fxsr_opt pdpe1gb rdtscp lm constant_tsc rep_good nopl nonstop_tsc extd_apicid amd_dcm aperfmperf pni pclmulqdq monitor ssse3 cx16 sse4_1 sse4_2 popcnt aes xsave avx lahf_lm cmp_legacy svm extapic cr8_legacy abm sse4a misalignsse 3dnowprefetch osvw ibs xop skinit wdt lwp fma4 nodeid_msr topoext perfctr_core arat cpb npt lbrv svm_lock nrip_save tsc_scale vmcb_clean flushbyasid decodeassists pausefilter pfthreshold
bogomips	: 4601.70
TLB size	: 1536 4K pages
clflush size	: 64
cache_alignment	: 64
address sizes	: 48 bits physical, 48 bits virtual
power management: ts ttp tm 100mhzsteps hwpstate [9]

processor	: 38
vendor_id	: AuthenticAMD
cpu family	: 21
model		: 1
model name	: AMD Opteron(TM) Processor 6276                 
stepping	: 2
microcode	: 0x6000626
cpu MHz		: 1400.000
cache size	: 2048 KB
physical id	: 1
siblings	: 16
core id		: 6
cpu cores	: 8
apicid		: 38
initial apicid	: 38
fpu		: yes
fpu_exception	: yes
cpuid level	: 13
wp		: yes
flags		: fpu vme de pse tsc msr pae mce cx8 apic sep mtrr pge mca cmov pat pse36 clflush mmx fxsr sse sse2 ht syscall nx mmxext fxsr_opt pdpe1gb rdtscp lm constant_tsc rep_good nopl nonstop_tsc extd_apicid amd_dcm aperfmperf pni pclmulqdq monitor ssse3 cx16 sse4_1 sse4_2 popcnt aes xsave avx lahf_lm cmp_legacy svm extapic cr8_legacy abm sse4a misalignsse 3dnowprefetch osvw ibs xop skinit wdt lwp fma4 nodeid_msr topoext perfctr_core arat cpb npt lbrv svm_lock nrip_save tsc_scale vmcb_clean flushbyasid decodeassists pausefilter pfthreshold
bogomips	: 4601.69
TLB size	: 1536 4K pages
clflush size	: 64
cache_alignment	: 64
address sizes	: 48 bits physical, 48 bits virtual
power management: ts ttp tm 100mhzsteps hwpstate [9]

processor	: 39
vendor_id	: AuthenticAMD
cpu family	: 21
model		: 1
model name	: AMD Opteron(TM) Processor 6276                 
stepping	: 2
microcode	: 0x6000626
cpu MHz		: 1400.000
cache size	: 2048 KB
physical id	: 1
siblings	: 16
core id		: 7
cpu cores	: 8
apicid		: 39
initial apicid	: 39
fpu		: yes
fpu_exception	: yes
cpuid level	: 13
wp		: yes
flags		: fpu vme de pse tsc msr pae mce cx8 apic sep mtrr pge mca cmov pat pse36 clflush mmx fxsr sse sse2 ht syscall nx mmxext fxsr_opt pdpe1gb rdtscp lm constant_tsc rep_good nopl nonstop_tsc extd_apicid amd_dcm aperfmperf pni pclmulqdq monitor ssse3 cx16 sse4_1 sse4_2 popcnt aes xsave avx lahf_lm cmp_legacy svm extapic cr8_legacy abm sse4a misalignsse 3dnowprefetch osvw ibs xop skinit wdt lwp fma4 nodeid_msr topoext perfctr_core arat cpb npt lbrv svm_lock nrip_save tsc_scale vmcb_clean flushbyasid decodeassists pausefilter pfthreshold
bogomips	: 4601.71
TLB size	: 1536 4K pages
clflush size	: 64
cache_alignment	: 64
address sizes	: 48 bits physical, 48 bits virtual
power management: ts ttp tm 100mhzsteps hwpstate [9]

processor	: 40
vendor_id	: AuthenticAMD
cpu family	: 21
model		: 1
model name	: AMD Opteron(TM) Processor 6276                 
stepping	: 2
microcode	: 0x6000626
cpu MHz		: 1400.000
cache size	: 2048 KB
physical id	: 1
siblings	: 16
core id		: 0
cpu cores	: 8
apicid		: 40
initial apicid	: 40
fpu		: yes
fpu_exception	: yes
cpuid level	: 13
wp		: yes
flags		: fpu vme de pse tsc msr pae mce cx8 apic sep mtrr pge mca cmov pat pse36 clflush mmx fxsr sse sse2 ht syscall nx mmxext fxsr_opt pdpe1gb rdtscp lm constant_tsc rep_good nopl nonstop_tsc extd_apicid amd_dcm aperfmperf pni pclmulqdq monitor ssse3 cx16 sse4_1 sse4_2 popcnt aes xsave avx lahf_lm cmp_legacy svm extapic cr8_legacy abm sse4a misalignsse 3dnowprefetch osvw ibs xop skinit wdt lwp fma4 nodeid_msr topoext perfctr_core arat cpb npt lbrv svm_lock nrip_save tsc_scale vmcb_clean flushbyasid decodeassists pausefilter pfthreshold
bogomips	: 4601.70
TLB size	: 1536 4K pages
clflush size	: 64
cache_alignment	: 64
address sizes	: 48 bits physical, 48 bits virtual
power management: ts ttp tm 100mhzsteps hwpstate [9]

processor	: 41
vendor_id	: AuthenticAMD
cpu family	: 21
model		: 1
model name	: AMD Opteron(TM) Processor 6276                 
stepping	: 2
microcode	: 0x6000626
cpu MHz		: 1400.000
cache size	: 2048 KB
physical id	: 1
siblings	: 16
core id		: 1
cpu cores	: 8
apicid		: 41
initial apicid	: 41
fpu		: yes
fpu_exception	: yes
cpuid level	: 13
wp		: yes
flags		: fpu vme de pse tsc msr pae mce cx8 apic sep mtrr pge mca cmov pat pse36 clflush mmx fxsr sse sse2 ht syscall nx mmxext fxsr_opt pdpe1gb rdtscp lm constant_tsc rep_good nopl nonstop_tsc extd_apicid amd_dcm aperfmperf pni pclmulqdq monitor ssse3 cx16 sse4_1 sse4_2 popcnt aes xsave avx lahf_lm cmp_legacy svm extapic cr8_legacy abm sse4a misalignsse 3dnowprefetch osvw ibs xop skinit wdt lwp fma4 nodeid_msr topoext perfctr_core arat cpb npt lbrv svm_lock nrip_save tsc_scale vmcb_clean flushbyasid decodeassists pausefilter pfthreshold
bogomips	: 4601.71
TLB size	: 1536 4K pages
clflush size	: 64
cache_alignment	: 64
address sizes	: 48 bits physical, 48 bits virtual
power management: ts ttp tm 100mhzsteps hwpstate [9]

processor	: 42
vendor_id	: AuthenticAMD
cpu family	: 21
model		: 1
model name	: AMD Opteron(TM) Processor 6276                 
stepping	: 2
microcode	: 0x6000626
cpu MHz		: 1400.000
cache size	: 2048 KB
physical id	: 1
siblings	: 16
core id		: 2
cpu cores	: 8
apicid		: 42
initial apicid	: 42
fpu		: yes
fpu_exception	: yes
cpuid level	: 13
wp		: yes
flags		: fpu vme de pse tsc msr pae mce cx8 apic sep mtrr pge mca cmov pat pse36 clflush mmx fxsr sse sse2 ht syscall nx mmxext fxsr_opt pdpe1gb rdtscp lm constant_tsc rep_good nopl nonstop_tsc extd_apicid amd_dcm aperfmperf pni pclmulqdq monitor ssse3 cx16 sse4_1 sse4_2 popcnt aes xsave avx lahf_lm cmp_legacy svm extapic cr8_legacy abm sse4a misalignsse 3dnowprefetch osvw ibs xop skinit wdt lwp fma4 nodeid_msr topoext perfctr_core arat cpb npt lbrv svm_lock nrip_save tsc_scale vmcb_clean flushbyasid decodeassists pausefilter pfthreshold
bogomips	: 4601.72
TLB size	: 1536 4K pages
clflush size	: 64
cache_alignment	: 64
address sizes	: 48 bits physical, 48 bits virtual
power management: ts ttp tm 100mhzsteps hwpstate [9]

processor	: 43
vendor_id	: AuthenticAMD
cpu family	: 21
model		: 1
model name	: AMD Opteron(TM) Processor 6276                 
stepping	: 2
microcode	: 0x6000626
cpu MHz		: 1400.000
cache size	: 2048 KB
physical id	: 1
siblings	: 16
core id		: 3
cpu cores	: 8
apicid		: 43
initial apicid	: 43
fpu		: yes
fpu_exception	: yes
cpuid level	: 13
wp		: yes
flags		: fpu vme de pse tsc msr pae mce cx8 apic sep mtrr pge mca cmov pat pse36 clflush mmx fxsr sse sse2 ht syscall nx mmxext fxsr_opt pdpe1gb rdtscp lm constant_tsc rep_good nopl nonstop_tsc extd_apicid amd_dcm aperfmperf pni pclmulqdq monitor ssse3 cx16 sse4_1 sse4_2 popcnt aes xsave avx lahf_lm cmp_legacy svm extapic cr8_legacy abm sse4a misalignsse 3dnowprefetch osvw ibs xop skinit wdt lwp fma4 nodeid_msr topoext perfctr_core arat cpb npt lbrv svm_lock nrip_save tsc_scale vmcb_clean flushbyasid decodeassists pausefilter pfthreshold
bogomips	: 4601.71
TLB size	: 1536 4K pages
clflush size	: 64
cache_alignment	: 64
address sizes	: 48 bits physical, 48 bits virtual
power management: ts ttp tm 100mhzsteps hwpstate [9]

processor	: 44
vendor_id	: AuthenticAMD
cpu family	: 21
model		: 1
model name	: AMD Opteron(TM) Processor 6276                 
stepping	: 2
microcode	: 0x6000626
cpu MHz		: 1400.000
cache size	: 2048 KB
physical id	: 1
siblings	: 16
core id		: 4
cpu cores	: 8
apicid		: 44
initial apicid	: 44
fpu		: yes
fpu_exception	: yes
cpuid level	: 13
wp		: yes
flags		: fpu vme de pse tsc msr pae mce cx8 apic sep mtrr pge mca cmov pat pse36 clflush mmx fxsr sse sse2 ht syscall nx mmxext fxsr_opt pdpe1gb rdtscp lm constant_tsc rep_good nopl nonstop_tsc extd_apicid amd_dcm aperfmperf pni pclmulqdq monitor ssse3 cx16 sse4_1 sse4_2 popcnt aes xsave avx lahf_lm cmp_legacy svm extapic cr8_legacy abm sse4a misalignsse 3dnowprefetch osvw ibs xop skinit wdt lwp fma4 nodeid_msr topoext perfctr_core arat cpb npt lbrv svm_lock nrip_save tsc_scale vmcb_clean flushbyasid decodeassists pausefilter pfthreshold
bogomips	: 4601.70
TLB size	: 1536 4K pages
clflush size	: 64
cache_alignment	: 64
address sizes	: 48 bits physical, 48 bits virtual
power management: ts ttp tm 100mhzsteps hwpstate [9]

processor	: 45
vendor_id	: AuthenticAMD
cpu family	: 21
model		: 1
model name	: AMD Opteron(TM) Processor 6276                 
stepping	: 2
microcode	: 0x6000626
cpu MHz		: 1400.000
cache size	: 2048 KB
physical id	: 1
siblings	: 16
core id		: 5
cpu cores	: 8
apicid		: 45
initial apicid	: 45
fpu		: yes
fpu_exception	: yes
cpuid level	: 13
wp		: yes
flags		: fpu vme de pse tsc msr pae mce cx8 apic sep mtrr pge mca cmov pat pse36 clflush mmx fxsr sse sse2 ht syscall nx mmxext fxsr_opt pdpe1gb rdtscp lm constant_tsc rep_good nopl nonstop_tsc extd_apicid amd_dcm aperfmperf pni pclmulqdq monitor ssse3 cx16 sse4_1 sse4_2 popcnt aes xsave avx lahf_lm cmp_legacy svm extapic cr8_legacy abm sse4a misalignsse 3dnowprefetch osvw ibs xop skinit wdt lwp fma4 nodeid_msr topoext perfctr_core arat cpb npt lbrv svm_lock nrip_save tsc_scale vmcb_clean flushbyasid decodeassists pausefilter pfthreshold
bogomips	: 4601.71
TLB size	: 1536 4K pages
clflush size	: 64
cache_alignment	: 64
address sizes	: 48 bits physical, 48 bits virtual
power management: ts ttp tm 100mhzsteps hwpstate [9]

processor	: 46
vendor_id	: AuthenticAMD
cpu family	: 21
model		: 1
model name	: AMD Opteron(TM) Processor 6276                 
stepping	: 2
microcode	: 0x6000626
cpu MHz		: 1400.000
cache size	: 2048 KB
physical id	: 1
siblings	: 16
core id		: 6
cpu cores	: 8
apicid		: 46
initial apicid	: 46
fpu		: yes
fpu_exception	: yes
cpuid level	: 13
wp		: yes
flags		: fpu vme de pse tsc msr pae mce cx8 apic sep mtrr pge mca cmov pat pse36 clflush mmx fxsr sse sse2 ht syscall nx mmxext fxsr_opt pdpe1gb rdtscp lm constant_tsc rep_good nopl nonstop_tsc extd_apicid amd_dcm aperfmperf pni pclmulqdq monitor ssse3 cx16 sse4_1 sse4_2 popcnt aes xsave avx lahf_lm cmp_legacy svm extapic cr8_legacy abm sse4a misalignsse 3dnowprefetch osvw ibs xop skinit wdt lwp fma4 nodeid_msr topoext perfctr_core arat cpb npt lbrv svm_lock nrip_save tsc_scale vmcb_clean flushbyasid decodeassists pausefilter pfthreshold
bogomips	: 4601.72
TLB size	: 1536 4K pages
clflush size	: 64
cache_alignment	: 64
address sizes	: 48 bits physical, 48 bits virtual
power management: ts ttp tm 100mhzsteps hwpstate [9]

processor	: 47
vendor_id	: AuthenticAMD
cpu family	: 21
model		: 1
model name	: AMD Opteron(TM) Processor 6276                 
stepping	: 2
microcode	: 0x6000626
cpu MHz		: 1400.000
cache size	: 2048 KB
physical id	: 1
siblings	: 16
core id		: 7
cpu cores	: 8
apicid		: 47
initial apicid	: 47
fpu		: yes
fpu_exception	: yes
cpuid level	: 13
wp		: yes
flags		: fpu vme de pse tsc msr pae mce cx8 apic sep mtrr pge mca cmov pat pse36 clflush mmx fxsr sse sse2 ht syscall nx mmxext fxsr_opt pdpe1gb rdtscp lm constant_tsc rep_good nopl nonstop_tsc extd_apicid amd_dcm aperfmperf pni pclmulqdq monitor ssse3 cx16 sse4_1 sse4_2 popcnt aes xsave avx lahf_lm cmp_legacy svm extapic cr8_legacy abm sse4a misalignsse 3dnowprefetch osvw ibs xop skinit wdt lwp fma4 nodeid_msr topoext perfctr_core arat cpb npt lbrv svm_lock nrip_save tsc_scale vmcb_clean flushbyasid decodeassists pausefilter pfthreshold
bogomips	: 4601.73
TLB size	: 1536 4K pages
clflush size	: 64
cache_alignment	: 64
address sizes	: 48 bits physical, 48 bits virtual
power management: ts ttp tm 100mhzsteps hwpstate [9]

processor	: 48
vendor_id	: AuthenticAMD
cpu family	: 21
model		: 1
model name	: AMD Opteron(TM) Processor 6276                 
stepping	: 2
microcode	: 0x6000626
cpu MHz		: 1800.000
cache size	: 2048 KB
physical id	: 2
siblings	: 16
core id		: 0
cpu cores	: 8
apicid		: 64
initial apicid	: 64
fpu		: yes
fpu_exception	: yes
cpuid level	: 13
wp		: yes
flags		: fpu vme de pse tsc msr pae mce cx8 apic sep mtrr pge mca cmov pat pse36 clflush mmx fxsr sse sse2 ht syscall nx mmxext fxsr_opt pdpe1gb rdtscp lm constant_tsc rep_good nopl nonstop_tsc extd_apicid amd_dcm aperfmperf pni pclmulqdq monitor ssse3 cx16 sse4_1 sse4_2 popcnt aes xsave avx lahf_lm cmp_legacy svm extapic cr8_legacy abm sse4a misalignsse 3dnowprefetch osvw ibs xop skinit wdt lwp fma4 nodeid_msr topoext perfctr_core arat cpb npt lbrv svm_lock nrip_save tsc_scale vmcb_clean flushbyasid decodeassists pausefilter pfthreshold
bogomips	: 4601.70
TLB size	: 1536 4K pages
clflush size	: 64
cache_alignment	: 64
address sizes	: 48 bits physical, 48 bits virtual
power management: ts ttp tm 100mhzsteps hwpstate [9]

processor	: 49
vendor_id	: AuthenticAMD
cpu family	: 21
model		: 1
model name	: AMD Opteron(TM) Processor 6276                 
stepping	: 2
microcode	: 0x6000626
cpu MHz		: 2300.000
cache size	: 2048 KB
physical id	: 2
siblings	: 16
core id		: 1
cpu cores	: 8
apicid		: 65
initial apicid	: 65
fpu		: yes
fpu_exception	: yes
cpuid level	: 13
wp		: yes
flags		: fpu vme de pse tsc msr pae mce cx8 apic sep mtrr pge mca cmov pat pse36 clflush mmx fxsr sse sse2 ht syscall nx mmxext fxsr_opt pdpe1gb rdtscp lm constant_tsc rep_good nopl nonstop_tsc extd_apicid amd_dcm aperfmperf pni pclmulqdq monitor ssse3 cx16 sse4_1 sse4_2 popcnt aes xsave avx lahf_lm cmp_legacy svm extapic cr8_legacy abm sse4a misalignsse 3dnowprefetch osvw ibs xop skinit wdt lwp fma4 nodeid_msr topoext perfctr_core arat cpb npt lbrv svm_lock nrip_save tsc_scale vmcb_clean flushbyasid decodeassists pausefilter pfthreshold
bogomips	: 4601.69
TLB size	: 1536 4K pages
clflush size	: 64
cache_alignment	: 64
address sizes	: 48 bits physical, 48 bits virtual
power management: ts ttp tm 100mhzsteps hwpstate [9]

processor	: 50
vendor_id	: AuthenticAMD
cpu family	: 21
model		: 1
model name	: AMD Opteron(TM) Processor 6276                 
stepping	: 2
microcode	: 0x6000626
cpu MHz		: 2300.000
cache size	: 2048 KB
physical id	: 2
siblings	: 16
core id		: 2
cpu cores	: 8
apicid		: 66
initial apicid	: 66
fpu		: yes
fpu_exception	: yes
cpuid level	: 13
wp		: yes
flags		: fpu vme de pse tsc msr pae mce cx8 apic sep mtrr pge mca cmov pat pse36 clflush mmx fxsr sse sse2 ht syscall nx mmxext fxsr_opt pdpe1gb rdtscp lm constant_tsc rep_good nopl nonstop_tsc extd_apicid amd_dcm aperfmperf pni pclmulqdq monitor ssse3 cx16 sse4_1 sse4_2 popcnt aes xsave avx lahf_lm cmp_legacy svm extapic cr8_legacy abm sse4a misalignsse 3dnowprefetch osvw ibs xop skinit wdt lwp fma4 nodeid_msr topoext perfctr_core arat cpb npt lbrv svm_lock nrip_save tsc_scale vmcb_clean flushbyasid decodeassists pausefilter pfthreshold
bogomips	: 4601.69
TLB size	: 1536 4K pages
clflush size	: 64
cache_alignment	: 64
address sizes	: 48 bits physical, 48 bits virtual
power management: ts ttp tm 100mhzsteps hwpstate [9]

processor	: 51
vendor_id	: AuthenticAMD
cpu family	: 21
model		: 1
model name	: AMD Opteron(TM) Processor 6276                 
stepping	: 2
microcode	: 0x6000626
cpu MHz		: 2100.000
cache size	: 2048 KB
physical id	: 2
siblings	: 16
core id		: 3
cpu cores	: 8
apicid		: 67
initial apicid	: 67
fpu		: yes
fpu_exception	: yes
cpuid level	: 13
wp		: yes
flags		: fpu vme de pse tsc msr pae mce cx8 apic sep mtrr pge mca cmov pat pse36 clflush mmx fxsr sse sse2 ht syscall nx mmxext fxsr_opt pdpe1gb rdtscp lm constant_tsc rep_good nopl nonstop_tsc extd_apicid amd_dcm aperfmperf pni pclmulqdq monitor ssse3 cx16 sse4_1 sse4_2 popcnt aes xsave avx lahf_lm cmp_legacy svm extapic cr8_legacy abm sse4a misalignsse 3dnowprefetch osvw ibs xop skinit wdt lwp fma4 nodeid_msr topoext perfctr_core arat cpb npt lbrv svm_lock nrip_save tsc_scale vmcb_clean flushbyasid decodeassists pausefilter pfthreshold
bogomips	: 4601.70
TLB size	: 1536 4K pages
clflush size	: 64
cache_alignment	: 64
address sizes	: 48 bits physical, 48 bits virtual
power management: ts ttp tm 100mhzsteps hwpstate [9]

processor	: 52
vendor_id	: AuthenticAMD
cpu family	: 21
model		: 1
model name	: AMD Opteron(TM) Processor 6276                 
stepping	: 2
microcode	: 0x6000626
cpu MHz		: 2300.000
cache size	: 2048 KB
physical id	: 2
siblings	: 16
core id		: 4
cpu cores	: 8
apicid		: 68
initial apicid	: 68
fpu		: yes
fpu_exception	: yes
cpuid level	: 13
wp		: yes
flags		: fpu vme de pse tsc msr pae mce cx8 apic sep mtrr pge mca cmov pat pse36 clflush mmx fxsr sse sse2 ht syscall nx mmxext fxsr_opt pdpe1gb rdtscp lm constant_tsc rep_good nopl nonstop_tsc extd_apicid amd_dcm aperfmperf pni pclmulqdq monitor ssse3 cx16 sse4_1 sse4_2 popcnt aes xsave avx lahf_lm cmp_legacy svm extapic cr8_legacy abm sse4a misalignsse 3dnowprefetch osvw ibs xop skinit wdt lwp fma4 nodeid_msr topoext perfctr_core arat cpb npt lbrv svm_lock nrip_save tsc_scale vmcb_clean flushbyasid decodeassists pausefilter pfthreshold
bogomips	: 4601.71
TLB size	: 1536 4K pages
clflush size	: 64
cache_alignment	: 64
address sizes	: 48 bits physical, 48 bits virtual
power management: ts ttp tm 100mhzsteps hwpstate [9]

processor	: 53
vendor_id	: AuthenticAMD
cpu family	: 21
model		: 1
model name	: AMD Opteron(TM) Processor 6276                 
stepping	: 2
microcode	: 0x6000626
cpu MHz		: 1400.000
cache size	: 2048 KB
physical id	: 2
siblings	: 16
core id		: 5
cpu cores	: 8
apicid		: 69
initial apicid	: 69
fpu		: yes
fpu_exception	: yes
cpuid level	: 13
wp		: yes
flags		: fpu vme de pse tsc msr pae mce cx8 apic sep mtrr pge mca cmov pat pse36 clflush mmx fxsr sse sse2 ht syscall nx mmxext fxsr_opt pdpe1gb rdtscp lm constant_tsc rep_good nopl nonstop_tsc extd_apicid amd_dcm aperfmperf pni pclmulqdq monitor ssse3 cx16 sse4_1 sse4_2 popcnt aes xsave avx lahf_lm cmp_legacy svm extapic cr8_legacy abm sse4a misalignsse 3dnowprefetch osvw ibs xop skinit wdt lwp fma4 nodeid_msr topoext perfctr_core arat cpb npt lbrv svm_lock nrip_save tsc_scale vmcb_clean flushbyasid decodeassists pausefilter pfthreshold
bogomips	: 4601.69
TLB size	: 1536 4K pages
clflush size	: 64
cache_alignment	: 64
address sizes	: 48 bits physical, 48 bits virtual
power management: ts ttp tm 100mhzsteps hwpstate [9]

processor	: 54
vendor_id	: AuthenticAMD
cpu family	: 21
model		: 1
model name	: AMD Opteron(TM) Processor 6276                 
stepping	: 2
microcode	: 0x6000626
cpu MHz		: 2300.000
cache size	: 2048 KB
physical id	: 2
siblings	: 16
core id		: 6
cpu cores	: 8
apicid		: 70
initial apicid	: 70
fpu		: yes
fpu_exception	: yes
cpuid level	: 13
wp		: yes
flags		: fpu vme de pse tsc msr pae mce cx8 apic sep mtrr pge mca cmov pat pse36 clflush mmx fxsr sse sse2 ht syscall nx mmxext fxsr_opt pdpe1gb rdtscp lm constant_tsc rep_good nopl nonstop_tsc extd_apicid amd_dcm aperfmperf pni pclmulqdq monitor ssse3 cx16 sse4_1 sse4_2 popcnt aes xsave avx lahf_lm cmp_legacy svm extapic cr8_legacy abm sse4a misalignsse 3dnowprefetch osvw ibs xop skinit wdt lwp fma4 nodeid_msr topoext perfctr_core arat cpb npt lbrv svm_lock nrip_save tsc_scale vmcb_clean flushbyasid decodeassists pausefilter pfthreshold
bogomips	: 4601.69
TLB size	: 1536 4K pages
clflush size	: 64
cache_alignment	: 64
address sizes	: 48 bits physical, 48 bits virtual
power management: ts ttp tm 100mhzsteps hwpstate [9]

processor	: 55
vendor_id	: AuthenticAMD
cpu family	: 21
model		: 1
model name	: AMD Opteron(TM) Processor 6276                 
stepping	: 2
microcode	: 0x6000626
cpu MHz		: 1400.000
cache size	: 2048 KB
physical id	: 2
siblings	: 16
core id		: 7
cpu cores	: 8
apicid		: 71
initial apicid	: 71
fpu		: yes
fpu_exception	: yes
cpuid level	: 13
wp		: yes
flags		: fpu vme de pse tsc msr pae mce cx8 apic sep mtrr pge mca cmov pat pse36 clflush mmx fxsr sse sse2 ht syscall nx mmxext fxsr_opt pdpe1gb rdtscp lm constant_tsc rep_good nopl nonstop_tsc extd_apicid amd_dcm aperfmperf pni pclmulqdq monitor ssse3 cx16 sse4_1 sse4_2 popcnt aes xsave avx lahf_lm cmp_legacy svm extapic cr8_legacy abm sse4a misalignsse 3dnowprefetch osvw ibs xop skinit wdt lwp fma4 nodeid_msr topoext perfctr_core arat cpb npt lbrv svm_lock nrip_save tsc_scale vmcb_clean flushbyasid decodeassists pausefilter pfthreshold
bogomips	: 4601.70
TLB size	: 1536 4K pages
clflush size	: 64
cache_alignment	: 64
address sizes	: 48 bits physical, 48 bits virtual
power management: ts ttp tm 100mhzsteps hwpstate [9]

processor	: 56
vendor_id	: AuthenticAMD
cpu family	: 21
model		: 1
model name	: AMD Opteron(TM) Processor 6276                 
stepping	: 2
microcode	: 0x6000626
cpu MHz		: 1400.000
cache size	: 2048 KB
physical id	: 2
siblings	: 16
core id		: 0
cpu cores	: 8
apicid		: 72
initial apicid	: 72
fpu		: yes
fpu_exception	: yes
cpuid level	: 13
wp		: yes
flags		: fpu vme de pse tsc msr pae mce cx8 apic sep mtrr pge mca cmov pat pse36 clflush mmx fxsr sse sse2 ht syscall nx mmxext fxsr_opt pdpe1gb rdtscp lm constant_tsc rep_good nopl nonstop_tsc extd_apicid amd_dcm aperfmperf pni pclmulqdq monitor ssse3 cx16 sse4_1 sse4_2 popcnt aes xsave avx lahf_lm cmp_legacy svm extapic cr8_legacy abm sse4a misalignsse 3dnowprefetch osvw ibs xop skinit wdt lwp fma4 nodeid_msr topoext perfctr_core arat cpb npt lbrv svm_lock nrip_save tsc_scale vmcb_clean flushbyasid decodeassists pausefilter pfthreshold
bogomips	: 4601.73
TLB size	: 1536 4K pages
clflush size	: 64
cache_alignment	: 64
address sizes	: 48 bits physical, 48 bits virtual
power management: ts ttp tm 100mhzsteps hwpstate [9]

processor	: 57
vendor_id	: AuthenticAMD
cpu family	: 21
model		: 1
model name	: AMD Opteron(TM) Processor 6276                 
stepping	: 2
microcode	: 0x6000626
cpu MHz		: 1400.000
cache size	: 2048 KB
physical id	: 2
siblings	: 16
core id		: 1
cpu cores	: 8
apicid		: 73
initial apicid	: 73
fpu		: yes
fpu_exception	: yes
cpuid level	: 13
wp		: yes
flags		: fpu vme de pse tsc msr pae mce cx8 apic sep mtrr pge mca cmov pat pse36 clflush mmx fxsr sse sse2 ht syscall nx mmxext fxsr_opt pdpe1gb rdtscp lm constant_tsc rep_good nopl nonstop_tsc extd_apicid amd_dcm aperfmperf pni pclmulqdq monitor ssse3 cx16 sse4_1 sse4_2 popcnt aes xsave avx lahf_lm cmp_legacy svm extapic cr8_legacy abm sse4a misalignsse 3dnowprefetch osvw ibs xop skinit wdt lwp fma4 nodeid_msr topoext perfctr_core arat cpb npt lbrv svm_lock nrip_save tsc_scale vmcb_clean flushbyasid decodeassists pausefilter pfthreshold
bogomips	: 4601.72
TLB size	: 1536 4K pages
clflush size	: 64
cache_alignment	: 64
address sizes	: 48 bits physical, 48 bits virtual
power management: ts ttp tm 100mhzsteps hwpstate [9]

processor	: 58
vendor_id	: AuthenticAMD
cpu family	: 21
model		: 1
model name	: AMD Opteron(TM) Processor 6276                 
stepping	: 2
microcode	: 0x6000626
cpu MHz		: 1400.000
cache size	: 2048 KB
physical id	: 2
siblings	: 16
core id		: 2
cpu cores	: 8
apicid		: 74
initial apicid	: 74
fpu		: yes
fpu_exception	: yes
cpuid level	: 13
wp		: yes
flags		: fpu vme de pse tsc msr pae mce cx8 apic sep mtrr pge mca cmov pat pse36 clflush mmx fxsr sse sse2 ht syscall nx mmxext fxsr_opt pdpe1gb rdtscp lm constant_tsc rep_good nopl nonstop_tsc extd_apicid amd_dcm aperfmperf pni pclmulqdq monitor ssse3 cx16 sse4_1 sse4_2 popcnt aes xsave avx lahf_lm cmp_legacy svm extapic cr8_legacy abm sse4a misalignsse 3dnowprefetch osvw ibs xop skinit wdt lwp fma4 nodeid_msr topoext perfctr_core arat cpb npt lbrv svm_lock nrip_save tsc_scale vmcb_clean flushbyasid decodeassists pausefilter pfthreshold
bogomips	: 4601.72
TLB size	: 1536 4K pages
clflush size	: 64
cache_alignment	: 64
address sizes	: 48 bits physical, 48 bits virtual
power management: ts ttp tm 100mhzsteps hwpstate [9]

processor	: 59
vendor_id	: AuthenticAMD
cpu family	: 21
model		: 1
model name	: AMD Opteron(TM) Processor 6276                 
stepping	: 2
microcode	: 0x6000626
cpu MHz		: 1400.000
cache size	: 2048 KB
physical id	: 2
siblings	: 16
core id		: 3
cpu cores	: 8
apicid		: 75
initial apicid	: 75
fpu		: yes
fpu_exception	: yes
cpuid level	: 13
wp		: yes
flags		: fpu vme de pse tsc msr pae mce cx8 apic sep mtrr pge mca cmov pat pse36 clflush mmx fxsr sse sse2 ht syscall nx mmxext fxsr_opt pdpe1gb rdtscp lm constant_tsc rep_good nopl nonstop_tsc extd_apicid amd_dcm aperfmperf pni pclmulqdq monitor ssse3 cx16 sse4_1 sse4_2 popcnt aes xsave avx lahf_lm cmp_legacy svm extapic cr8_legacy abm sse4a misalignsse 3dnowprefetch osvw ibs xop skinit wdt lwp fma4 nodeid_msr topoext perfctr_core arat cpb npt lbrv svm_lock nrip_save tsc_scale vmcb_clean flushbyasid decodeassists pausefilter pfthreshold
bogomips	: 4601.71
TLB size	: 1536 4K pages
clflush size	: 64
cache_alignment	: 64
address sizes	: 48 bits physical, 48 bits virtual
power management: ts ttp tm 100mhzsteps hwpstate [9]

processor	: 60
vendor_id	: AuthenticAMD
cpu family	: 21
model		: 1
model name	: AMD Opteron(TM) Processor 6276                 
stepping	: 2
microcode	: 0x6000626
cpu MHz		: 1400.000
cache size	: 2048 KB
physical id	: 2
siblings	: 16
core id		: 4
cpu cores	: 8
apicid		: 76
initial apicid	: 76
fpu		: yes
fpu_exception	: yes
cpuid level	: 13
wp		: yes
flags		: fpu vme de pse tsc msr pae mce cx8 apic sep mtrr pge mca cmov pat pse36 clflush mmx fxsr sse sse2 ht syscall nx mmxext fxsr_opt pdpe1gb rdtscp lm constant_tsc rep_good nopl nonstop_tsc extd_apicid amd_dcm aperfmperf pni pclmulqdq monitor ssse3 cx16 sse4_1 sse4_2 popcnt aes xsave avx lahf_lm cmp_legacy svm extapic cr8_legacy abm sse4a misalignsse 3dnowprefetch osvw ibs xop skinit wdt lwp fma4 nodeid_msr topoext perfctr_core arat cpb npt lbrv svm_lock nrip_save tsc_scale vmcb_clean flushbyasid decodeassists pausefilter pfthreshold
bogomips	: 4601.72
TLB size	: 1536 4K pages
clflush size	: 64
cache_alignment	: 64
address sizes	: 48 bits physical, 48 bits virtual
power management: ts ttp tm 100mhzsteps hwpstate [9]

processor	: 61
vendor_id	: AuthenticAMD
cpu family	: 21
model		: 1
model name	: AMD Opteron(TM) Processor 6276                 
stepping	: 2
microcode	: 0x6000626
cpu MHz		: 1400.000
cache size	: 2048 KB
physical id	: 2
siblings	: 16
core id		: 5
cpu cores	: 8
apicid		: 77
initial apicid	: 77
fpu		: yes
fpu_exception	: yes
cpuid level	: 13
wp		: yes
flags		: fpu vme de pse tsc msr pae mce cx8 apic sep mtrr pge mca cmov pat pse36 clflush mmx fxsr sse sse2 ht syscall nx mmxext fxsr_opt pdpe1gb rdtscp lm constant_tsc rep_good nopl nonstop_tsc extd_apicid amd_dcm aperfmperf pni pclmulqdq monitor ssse3 cx16 sse4_1 sse4_2 popcnt aes xsave avx lahf_lm cmp_legacy svm extapic cr8_legacy abm sse4a misalignsse 3dnowprefetch osvw ibs xop skinit wdt lwp fma4 nodeid_msr topoext perfctr_core arat cpb npt lbrv svm_lock nrip_save tsc_scale vmcb_clean flushbyasid decodeassists pausefilter pfthreshold
bogomips	: 4601.72
TLB size	: 1536 4K pages
clflush size	: 64
cache_alignment	: 64
address sizes	: 48 bits physical, 48 bits virtual
power management: ts ttp tm 100mhzsteps hwpstate [9]

processor	: 62
vendor_id	: AuthenticAMD
cpu family	: 21
model		: 1
model name	: AMD Opteron(TM) Processor 6276                 
stepping	: 2
microcode	: 0x6000626
cpu MHz		: 1400.000
cache size	: 2048 KB
physical id	: 2
siblings	: 16
core id		: 6
cpu cores	: 8
apicid		: 78
initial apicid	: 78
fpu		: yes
fpu_exception	: yes
cpuid level	: 13
wp		: yes
flags		: fpu vme de pse tsc msr pae mce cx8 apic sep mtrr pge mca cmov pat pse36 clflush mmx fxsr sse sse2 ht syscall nx mmxext fxsr_opt pdpe1gb rdtscp lm constant_tsc rep_good nopl nonstop_tsc extd_apicid amd_dcm aperfmperf pni pclmulqdq monitor ssse3 cx16 sse4_1 sse4_2 popcnt aes xsave avx lahf_lm cmp_legacy svm extapic cr8_legacy abm sse4a misalignsse 3dnowprefetch osvw ibs xop skinit wdt lwp fma4 nodeid_msr topoext perfctr_core arat cpb npt lbrv svm_lock nrip_save tsc_scale vmcb_clean flushbyasid decodeassists pausefilter pfthreshold
bogomips	: 4601.73
TLB size	: 1536 4K pages
clflush size	: 64
cache_alignment	: 64
address sizes	: 48 bits physical, 48 bits virtual
power management: ts ttp tm 100mhzsteps hwpstate [9]

processor	: 63
vendor_id	: AuthenticAMD
cpu family	: 21
model		: 1
model name	: AMD Opteron(TM) Processor 6276                 
stepping	: 2
microcode	: 0x6000626
cpu MHz		: 1400.000
cache size	: 2048 KB
physical id	: 2
siblings	: 16
core id		: 7
cpu cores	: 8
apicid		: 79
initial apicid	: 79
fpu		: yes
fpu_exception	: yes
cpuid level	: 13
wp		: yes
flags		: fpu vme de pse tsc msr pae mce cx8 apic sep mtrr pge mca cmov pat pse36 clflush mmx fxsr sse sse2 ht syscall nx mmxext fxsr_opt pdpe1gb rdtscp lm constant_tsc rep_good nopl nonstop_tsc extd_apicid amd_dcm aperfmperf pni pclmulqdq monitor ssse3 cx16 sse4_1 sse4_2 popcnt aes xsave avx lahf_lm cmp_legacy svm extapic cr8_legacy abm sse4a misalignsse 3dnowprefetch osvw ibs xop skinit wdt lwp fma4 nodeid_msr topoext perfctr_core arat cpb npt lbrv svm_lock nrip_save tsc_scale vmcb_clean flushbyasid decodeassists pausefilter pfthreshold
bogomips	: 4601.72
TLB size	: 1536 4K pages
clflush size	: 64
cache_alignment	: 64
address sizes	: 48 bits physical, 48 bits virtual
power management: ts ttp tm 100mhzsteps hwpstate [9]



Memory: 4k page, physical 264653632k(68979184k free), swap 52428732k(52398860k free)

vm_info: Java HotSpot(TM) 64-Bit Server VM (20.9-b04) for linux-amd64 JRE (1.6.0_34-b04), built on Jul 19 2012 01:19:17 by "java_re" with gcc 3.2.2 (SuSE Linux)

time: Sat Feb  9 20:40:50 2013
elapsed time: 0 seconds

